🟢 DEBUT SESSION BACKUP - 20260502_051511
======================================
Déclencheur: schedule
Branche: refs/heads/main
Commit: c5383968ede448490602ba1769be31499e2ffa3b
Source: Source
Backup: Backup
Archives: Archives
Session: backup_20260502_051511
======================================

📊 AUDIT PRE-BACKUP
-------------------
📁 Contenu de Source:
-rw-r--r-- 1 runner runner 5 May  2 05:15 Source/test.txt
-rw-r--r-- 1 runner runner 22 May  2 05:15 Source/test-ultime.txt
-rw-r--r-- 1 runner runner 30 May  2 05:15 Source/Test-ultra-ultime.txt
-rw-r--r-- 1 runner runner 10 May  2 05:15 Source/big-test.txt
-rw-r--r-- 1 runner runner 16 May  2 05:15 Source/fichier.txt
✅ Total fichiers sources: 5

📦 ARCHIVAGE BACKUP EXISTANT
----------------------------
✅ Archive créée: backup_20260502_051511_previous.tar.gz
📋 Contenu archivé:
Backup/
Backup/test.txt
Backup/test-ultime.txt
Backup/Test-ultra-ultime.txt
Backup/big-test.txt
Backup/fichier.txt
[...]
📊 Fichiers archivés: 5

🔄 SYNCHRONISATION
------------------
✅ Synchronisation terminée
📁 Contenu de Backup:
-rw-r--r-- 1 runner runner 5 May  2 05:15 Backup/test.txt
-rw-r--r-- 1 runner runner 22 May  2 05:15 Backup/test-ultime.txt
-rw-r--r-- 1 runner runner 30 May  2 05:15 Backup/Test-ultra-ultime.txt
-rw-r--r-- 1 runner runner 10 May  2 05:15 Backup/big-test.txt
-rw-r--r-- 1 runner runner 16 May  2 05:15 Backup/fichier.txt
📊 Fichiers dans Backup: 5

📈 RAPPORT DE SESSION
=====================
🕐 Début: Sun Aug 23 11:55:02 UTC 1970
⏱️ Fin: Sat May  2 05:15:11 UTC 2026
📁 Fichiers sources: 5
📁 Fichiers backup: 5
📦 Fichiers archivés: 5
📊 Taux de réussite: 83%
🎯 Statut: SUCCÈS
🔚 FIN SESSION - 20260502_051511

🧹 GESTION DU STOCKAGE
---------------------
📦 Archives avant nettoyage: 16
📝 Logs avant nettoyage: 16
🗑️ Nettoyage des anciennes archives...
  Supprimé: backup_20260417_031312_previous.tar.gz
🗑️ Nettoyage des anciens logs...
  Supprimé: backup_20260417_031312.log
✅ Nettoyage terminé
📦 Archives restantes: 15
📝 Logs restants: 15

💾 COMMIT AUTOMATIQUE
---------------------
