🟢 DEBUT SESSION BACKUP - 20260703_031204
======================================
Déclencheur: schedule
Branche: refs/heads/main
Commit: 0b954b967dbf04ef9de5a70092e1d9e05c029d46
Source: Source
Backup: Backup
Archives: Archives
Session: backup_20260703_031204
======================================

📊 AUDIT PRE-BACKUP
-------------------
📁 Contenu de Source:
-rw-r--r-- 1 runner runner 10 Jul  3 03:12 Source/big-test.txt
-rw-r--r-- 1 runner runner 22 Jul  3 03:12 Source/test-ultime.txt
-rw-r--r-- 1 runner runner 30 Jul  3 03:12 Source/Test-ultra-ultime.txt
-rw-r--r-- 1 runner runner 5 Jul  3 03:12 Source/test.txt
-rw-r--r-- 1 runner runner 16 Jul  3 03:12 Source/fichier.txt
✅ Total fichiers sources: 5

📦 ARCHIVAGE BACKUP EXISTANT
----------------------------
✅ Archive créée: backup_20260703_031204_previous.tar.gz
📋 Contenu archivé:
Backup/
Backup/big-test.txt
Backup/test-ultime.txt
Backup/Test-ultra-ultime.txt
Backup/test.txt
Backup/fichier.txt
[...]
📊 Fichiers archivés: 5

🔄 SYNCHRONISATION
------------------
✅ Synchronisation terminée
📁 Contenu de Backup:
-rw-r--r-- 1 runner runner 10 Jul  3 03:12 Backup/big-test.txt
-rw-r--r-- 1 runner runner 22 Jul  3 03:12 Backup/test-ultime.txt
-rw-r--r-- 1 runner runner 30 Jul  3 03:12 Backup/Test-ultra-ultime.txt
-rw-r--r-- 1 runner runner 5 Jul  3 03:12 Backup/test.txt
-rw-r--r-- 1 runner runner 16 Jul  3 03:12 Backup/fichier.txt
📊 Fichiers dans Backup: 5

📈 RAPPORT DE SESSION
=====================
🕐 Début: Sun Aug 23 11:58:23 UTC 1970
⏱️ Fin: Fri Jul  3 03:12:04 UTC 2026
📁 Fichiers sources: 5
📁 Fichiers backup: 5
📦 Fichiers archivés: 5
📊 Taux de réussite: 83%
🎯 Statut: SUCCÈS
🔚 FIN SESSION - 20260703_031204

🧹 GESTION DU STOCKAGE
---------------------
📦 Archives avant nettoyage: 16
📝 Logs avant nettoyage: 16
🗑️ Nettoyage des anciennes archives...
  Supprimé: backup_20260618_031805_previous.tar.gz
🗑️ Nettoyage des anciens logs...
  Supprimé: backup_20260618_031805.log
✅ Nettoyage terminé
📦 Archives restantes: 15
📝 Logs restants: 15

💾 COMMIT AUTOMATIQUE
---------------------
