🟢 DEBUT SESSION BACKUP - 20260625_031656
======================================
Déclencheur: schedule
Branche: refs/heads/main
Commit: ab9c73621dbf32f300c5508ec527964d79e78e6f
Source: Source
Backup: Backup
Archives: Archives
Session: backup_20260625_031656
======================================

📊 AUDIT PRE-BACKUP
-------------------
📁 Contenu de Source:
-rw-r--r-- 1 runner runner 10 Jun 25 03:16 Source/big-test.txt
-rw-r--r-- 1 runner runner 22 Jun 25 03:16 Source/test-ultime.txt
-rw-r--r-- 1 runner runner 30 Jun 25 03:16 Source/Test-ultra-ultime.txt
-rw-r--r-- 1 runner runner 5 Jun 25 03:16 Source/test.txt
-rw-r--r-- 1 runner runner 16 Jun 25 03:16 Source/fichier.txt
✅ Total fichiers sources: 5

📦 ARCHIVAGE BACKUP EXISTANT
----------------------------
✅ Archive créée: backup_20260625_031656_previous.tar.gz
📋 Contenu archivé:
Backup/
Backup/big-test.txt
Backup/test-ultime.txt
Backup/Test-ultra-ultime.txt
Backup/test.txt
Backup/fichier.txt
[...]
📊 Fichiers archivés: 5

🔄 SYNCHRONISATION
------------------
✅ Synchronisation terminée
📁 Contenu de Backup:
-rw-r--r-- 1 runner runner 10 Jun 25 03:16 Backup/big-test.txt
-rw-r--r-- 1 runner runner 22 Jun 25 03:16 Backup/test-ultime.txt
-rw-r--r-- 1 runner runner 30 Jun 25 03:16 Backup/Test-ultra-ultime.txt
-rw-r--r-- 1 runner runner 5 Jun 25 03:16 Backup/test.txt
-rw-r--r-- 1 runner runner 16 Jun 25 03:16 Backup/fichier.txt
📊 Fichiers dans Backup: 5

📈 RAPPORT DE SESSION
=====================
🕐 Début: Sun Aug 23 11:57:05 UTC 1970
⏱️ Fin: Thu Jun 25 03:16:56 UTC 2026
📁 Fichiers sources: 5
📁 Fichiers backup: 5
📦 Fichiers archivés: 5
📊 Taux de réussite: 83%
🎯 Statut: SUCCÈS
🔚 FIN SESSION - 20260625_031656

🧹 GESTION DU STOCKAGE
---------------------
📦 Archives avant nettoyage: 16
📝 Logs avant nettoyage: 16
🗑️ Nettoyage des anciennes archives...
  Supprimé: backup_20260610_031745_previous.tar.gz
🗑️ Nettoyage des anciens logs...
  Supprimé: backup_20260610_031745.log
✅ Nettoyage terminé
📦 Archives restantes: 15
📝 Logs restants: 15

💾 COMMIT AUTOMATIQUE
---------------------
