🟢 DEBUT SESSION BACKUP - 20260617_031858
======================================
Déclencheur: schedule
Branche: refs/heads/main
Commit: 6ad26a223e7c9fb45e1ff2d89137de79bc80a3d0
Source: Source
Backup: Backup
Archives: Archives
Session: backup_20260617_031858
======================================

📊 AUDIT PRE-BACKUP
-------------------
📁 Contenu de Source:
-rw-r--r-- 1 runner runner 10 Jun 17 03:18 Source/big-test.txt
-rw-r--r-- 1 runner runner 22 Jun 17 03:18 Source/test-ultime.txt
-rw-r--r-- 1 runner runner 30 Jun 17 03:18 Source/Test-ultra-ultime.txt
-rw-r--r-- 1 runner runner 5 Jun 17 03:18 Source/test.txt
-rw-r--r-- 1 runner runner 16 Jun 17 03:18 Source/fichier.txt
✅ Total fichiers sources: 5

📦 ARCHIVAGE BACKUP EXISTANT
----------------------------
✅ Archive créée: backup_20260617_031858_previous.tar.gz
📋 Contenu archivé:
Backup/
Backup/big-test.txt
Backup/test-ultime.txt
Backup/Test-ultra-ultime.txt
Backup/test.txt
Backup/fichier.txt
[...]
📊 Fichiers archivés: 5

🔄 SYNCHRONISATION
------------------
✅ Synchronisation terminée
📁 Contenu de Backup:
-rw-r--r-- 1 runner runner 10 Jun 17 03:18 Backup/big-test.txt
-rw-r--r-- 1 runner runner 22 Jun 17 03:18 Backup/test-ultime.txt
-rw-r--r-- 1 runner runner 30 Jun 17 03:18 Backup/Test-ultra-ultime.txt
-rw-r--r-- 1 runner runner 5 Jun 17 03:18 Backup/test.txt
-rw-r--r-- 1 runner runner 16 Jun 17 03:18 Backup/fichier.txt
📊 Fichiers dans Backup: 5

📈 RAPPORT DE SESSION
=====================
🕐 Début: Sun Aug 23 11:56:57 UTC 1970
⏱️ Fin: Wed Jun 17 03:18:58 UTC 2026
📁 Fichiers sources: 5
📁 Fichiers backup: 5
📦 Fichiers archivés: 5
📊 Taux de réussite: 83%
🎯 Statut: SUCCÈS
🔚 FIN SESSION - 20260617_031858

🧹 GESTION DU STOCKAGE
---------------------
📦 Archives avant nettoyage: 16
📝 Logs avant nettoyage: 16
🗑️ Nettoyage des anciennes archives...
  Supprimé: backup_20260602_064646_previous.tar.gz
🗑️ Nettoyage des anciens logs...
  Supprimé: backup_20260602_064646.log
✅ Nettoyage terminé
📦 Archives restantes: 15
📝 Logs restants: 15

💾 COMMIT AUTOMATIQUE
---------------------
