🟢 DEBUT SESSION BACKUP - 20260611_031635
======================================
Déclencheur: schedule
Branche: refs/heads/main
Commit: 7531121603fe3cbfce41edb2023939958c259f5e
Source: Source
Backup: Backup
Archives: Archives
Session: backup_20260611_031635
======================================

📊 AUDIT PRE-BACKUP
-------------------
📁 Contenu de Source:
-rw-r--r-- 1 runner runner 22 Jun 11 03:16 Source/test-ultime.txt
-rw-r--r-- 1 runner runner 5 Jun 11 03:16 Source/test.txt
-rw-r--r-- 1 runner runner 16 Jun 11 03:16 Source/fichier.txt
-rw-r--r-- 1 runner runner 30 Jun 11 03:16 Source/Test-ultra-ultime.txt
-rw-r--r-- 1 runner runner 10 Jun 11 03:16 Source/big-test.txt
✅ Total fichiers sources: 5

📦 ARCHIVAGE BACKUP EXISTANT
----------------------------
✅ Archive créée: backup_20260611_031635_previous.tar.gz
📋 Contenu archivé:
Backup/
Backup/test-ultime.txt
Backup/test.txt
Backup/fichier.txt
Backup/Test-ultra-ultime.txt
Backup/big-test.txt
[...]
📊 Fichiers archivés: 5

🔄 SYNCHRONISATION
------------------
✅ Synchronisation terminée
📁 Contenu de Backup:
-rw-r--r-- 1 runner runner 22 Jun 11 03:16 Backup/test-ultime.txt
-rw-r--r-- 1 runner runner 5 Jun 11 03:16 Backup/test.txt
-rw-r--r-- 1 runner runner 16 Jun 11 03:16 Backup/fichier.txt
-rw-r--r-- 1 runner runner 30 Jun 11 03:16 Backup/Test-ultra-ultime.txt
-rw-r--r-- 1 runner runner 10 Jun 11 03:16 Backup/big-test.txt
📊 Fichiers dans Backup: 5

📈 RAPPORT DE SESSION
=====================
🕐 Début: Sun Aug 23 11:56:51 UTC 1970
⏱️ Fin: Thu Jun 11 03:16:36 UTC 2026
📁 Fichiers sources: 5
📁 Fichiers backup: 5
📦 Fichiers archivés: 5
📊 Taux de réussite: 83%
🎯 Statut: SUCCÈS
🔚 FIN SESSION - 20260611_031636

🧹 GESTION DU STOCKAGE
---------------------
📦 Archives avant nettoyage: 16
📝 Logs avant nettoyage: 16
🗑️ Nettoyage des anciennes archives...
  Supprimé: backup_20260527_062548_previous.tar.gz
🗑️ Nettoyage des anciens logs...
  Supprimé: backup_20260527_062548.log
✅ Nettoyage terminé
📦 Archives restantes: 15
📝 Logs restants: 15

💾 COMMIT AUTOMATIQUE
---------------------
