🟢 DEBUT SESSION BACKUP - 20260402_043347
======================================
Déclencheur: schedule
Branche: refs/heads/main
Commit: fd9663fce040918762fd3d892d3ad2c89117f58e
Source: Source
Backup: Backup
Archives: Archives
Session: backup_20260402_043347
======================================

📊 AUDIT PRE-BACKUP
-------------------
📁 Contenu de Source:
-rw-r--r-- 1 runner runner 16 Apr  2 04:33 Source/fichier.txt
-rw-r--r-- 1 runner runner 10 Apr  2 04:33 Source/big-test.txt
-rw-r--r-- 1 runner runner 22 Apr  2 04:33 Source/test-ultime.txt
-rw-r--r-- 1 runner runner 5 Apr  2 04:33 Source/test.txt
-rw-r--r-- 1 runner runner 30 Apr  2 04:33 Source/Test-ultra-ultime.txt
✅ Total fichiers sources: 5

📦 ARCHIVAGE BACKUP EXISTANT
----------------------------
✅ Archive créée: backup_20260402_043347_previous.tar.gz
📋 Contenu archivé:
Backup/
Backup/fichier.txt
Backup/big-test.txt
Backup/test-ultime.txt
Backup/test.txt
Backup/Test-ultra-ultime.txt
[...]
📊 Fichiers archivés: 5

🔄 SYNCHRONISATION
------------------
✅ Synchronisation terminée
📁 Contenu de Backup:
-rw-r--r-- 1 runner runner 16 Apr  2 04:33 Backup/fichier.txt
-rw-r--r-- 1 runner runner 10 Apr  2 04:33 Backup/big-test.txt
-rw-r--r-- 1 runner runner 22 Apr  2 04:33 Backup/test-ultime.txt
-rw-r--r-- 1 runner runner 5 Apr  2 04:33 Backup/test.txt
-rw-r--r-- 1 runner runner 30 Apr  2 04:33 Backup/Test-ultra-ultime.txt
📊 Fichiers dans Backup: 5

📈 RAPPORT DE SESSION
=====================
🕐 Début: Sun Aug 23 11:53:22 UTC 1970
⏱️ Fin: Thu Apr  2 04:33:47 UTC 2026
📁 Fichiers sources: 5
📁 Fichiers backup: 5
📦 Fichiers archivés: 5
📊 Taux de réussite: 83%
🎯 Statut: SUCCÈS
🔚 FIN SESSION - 20260402_043347

🧹 GESTION DU STOCKAGE
---------------------
📦 Archives avant nettoyage: 16
📝 Logs avant nettoyage: 16
🗑️ Nettoyage des anciennes archives...
  Supprimé: backup_20260318_042755_previous.tar.gz
🗑️ Nettoyage des anciens logs...
  Supprimé: backup_20260318_042755.log
✅ Nettoyage terminé
📦 Archives restantes: 15
📝 Logs restants: 15

💾 COMMIT AUTOMATIQUE
---------------------
