🟢 DEBUT SESSION BACKUP - 20260406_044826
======================================
Déclencheur: schedule
Branche: refs/heads/main
Commit: af5c41cd5170cb18c1cc1ace46f926ee3ad4a960
Source: Source
Backup: Backup
Archives: Archives
Session: backup_20260406_044826
======================================

📊 AUDIT PRE-BACKUP
-------------------
📁 Contenu de Source:
-rw-r--r-- 1 runner runner 16 Apr  6 04:48 Source/fichier.txt
-rw-r--r-- 1 runner runner 10 Apr  6 04:48 Source/big-test.txt
-rw-r--r-- 1 runner runner 22 Apr  6 04:48 Source/test-ultime.txt
-rw-r--r-- 1 runner runner 5 Apr  6 04:48 Source/test.txt
-rw-r--r-- 1 runner runner 30 Apr  6 04:48 Source/Test-ultra-ultime.txt
✅ Total fichiers sources: 5

📦 ARCHIVAGE BACKUP EXISTANT
----------------------------
✅ Archive créée: backup_20260406_044826_previous.tar.gz
📋 Contenu archivé:
Backup/
Backup/fichier.txt
Backup/big-test.txt
Backup/test-ultime.txt
Backup/test.txt
Backup/Test-ultra-ultime.txt
[...]
📊 Fichiers archivés: 5

🔄 SYNCHRONISATION
------------------
✅ Synchronisation terminée
📁 Contenu de Backup:
-rw-r--r-- 1 runner runner 16 Apr  6 04:48 Backup/fichier.txt
-rw-r--r-- 1 runner runner 10 Apr  6 04:48 Backup/big-test.txt
-rw-r--r-- 1 runner runner 22 Apr  6 04:48 Backup/test-ultime.txt
-rw-r--r-- 1 runner runner 5 Apr  6 04:48 Backup/test.txt
-rw-r--r-- 1 runner runner 30 Apr  6 04:48 Backup/Test-ultra-ultime.txt
📊 Fichiers dans Backup: 5

📈 RAPPORT DE SESSION
=====================
🕐 Début: Sun Aug 23 11:53:26 UTC 1970
⏱️ Fin: Mon Apr  6 04:48:26 UTC 2026
📁 Fichiers sources: 5
📁 Fichiers backup: 5
📦 Fichiers archivés: 5
📊 Taux de réussite: 83%
🎯 Statut: SUCCÈS
🔚 FIN SESSION - 20260406_044826

🧹 GESTION DU STOCKAGE
---------------------
📦 Archives avant nettoyage: 16
📝 Logs avant nettoyage: 16
🗑️ Nettoyage des anciennes archives...
  Supprimé: backup_20260322_042411_previous.tar.gz
🗑️ Nettoyage des anciens logs...
  Supprimé: backup_20260322_042411.log
✅ Nettoyage terminé
📦 Archives restantes: 15
📝 Logs restants: 15

💾 COMMIT AUTOMATIQUE
---------------------
