🟢 DEBUT SESSION BACKUP - 20260711_030920
======================================
Déclencheur: schedule
Branche: refs/heads/main
Commit: dde74f7f44befc1b1006c27ff7ac8ef3bc601d28
Source: Source
Backup: Backup
Archives: Archives
Session: backup_20260711_030920
======================================

📊 AUDIT PRE-BACKUP
-------------------
📁 Contenu de Source:
-rw-r--r-- 1 runner runner 10 Jul 11 03:09 Source/big-test.txt
-rw-r--r-- 1 runner runner 22 Jul 11 03:09 Source/test-ultime.txt
-rw-r--r-- 1 runner runner 30 Jul 11 03:09 Source/Test-ultra-ultime.txt
-rw-r--r-- 1 runner runner 5 Jul 11 03:09 Source/test.txt
-rw-r--r-- 1 runner runner 16 Jul 11 03:09 Source/fichier.txt
✅ Total fichiers sources: 5

📦 ARCHIVAGE BACKUP EXISTANT
----------------------------
✅ Archive créée: backup_20260711_030920_previous.tar.gz
📋 Contenu archivé:
Backup/
Backup/big-test.txt
Backup/test-ultime.txt
Backup/Test-ultra-ultime.txt
Backup/test.txt
Backup/fichier.txt
[...]
📊 Fichiers archivés: 5

🔄 SYNCHRONISATION
------------------
✅ Synchronisation terminée
📁 Contenu de Backup:
-rw-r--r-- 1 runner runner 10 Jul 11 03:09 Backup/big-test.txt
-rw-r--r-- 1 runner runner 22 Jul 11 03:09 Backup/test-ultime.txt
-rw-r--r-- 1 runner runner 30 Jul 11 03:09 Backup/Test-ultra-ultime.txt
-rw-r--r-- 1 runner runner 5 Jul 11 03:09 Backup/test.txt
-rw-r--r-- 1 runner runner 16 Jul 11 03:09 Backup/fichier.txt
📊 Fichiers dans Backup: 5

📈 RAPPORT DE SESSION
=====================
🕐 Début: Sun Aug 23 11:58:31 UTC 1970
⏱️ Fin: Sat Jul 11 03:09:20 UTC 2026
📁 Fichiers sources: 5
📁 Fichiers backup: 5
📦 Fichiers archivés: 5
📊 Taux de réussite: 83%
🎯 Statut: SUCCÈS
🔚 FIN SESSION - 20260711_030920

🧹 GESTION DU STOCKAGE
---------------------
📦 Archives avant nettoyage: 16
📝 Logs avant nettoyage: 16
🗑️ Nettoyage des anciennes archives...
  Supprimé: backup_20260626_031738_previous.tar.gz
🗑️ Nettoyage des anciens logs...
  Supprimé: backup_20260626_031738.log
✅ Nettoyage terminé
📦 Archives restantes: 15
📝 Logs restants: 15

💾 COMMIT AUTOMATIQUE
---------------------
