🟢 DEBUT SESSION BACKUP - 20260605_031901
======================================
Déclencheur: schedule
Branche: refs/heads/main
Commit: c4328c87d5012ab76f27c04d6c7a88b3193dc16a
Source: Source
Backup: Backup
Archives: Archives
Session: backup_20260605_031901
======================================

📊 AUDIT PRE-BACKUP
-------------------
📁 Contenu de Source:
-rw-r--r-- 1 runner runner 22 Jun  5 03:19 Source/test-ultime.txt
-rw-r--r-- 1 runner runner 5 Jun  5 03:19 Source/test.txt
-rw-r--r-- 1 runner runner 16 Jun  5 03:19 Source/fichier.txt
-rw-r--r-- 1 runner runner 30 Jun  5 03:19 Source/Test-ultra-ultime.txt
-rw-r--r-- 1 runner runner 10 Jun  5 03:19 Source/big-test.txt
✅ Total fichiers sources: 5

📦 ARCHIVAGE BACKUP EXISTANT
----------------------------
✅ Archive créée: backup_20260605_031901_previous.tar.gz
📋 Contenu archivé:
Backup/
Backup/test-ultime.txt
Backup/test.txt
Backup/fichier.txt
Backup/Test-ultra-ultime.txt
Backup/big-test.txt
[...]
📊 Fichiers archivés: 5

🔄 SYNCHRONISATION
------------------
✅ Synchronisation terminée
📁 Contenu de Backup:
-rw-r--r-- 1 runner runner 22 Jun  5 03:19 Backup/test-ultime.txt
-rw-r--r-- 1 runner runner 5 Jun  5 03:19 Backup/test.txt
-rw-r--r-- 1 runner runner 16 Jun  5 03:19 Backup/fichier.txt
-rw-r--r-- 1 runner runner 30 Jun  5 03:19 Backup/Test-ultra-ultime.txt
-rw-r--r-- 1 runner runner 10 Jun  5 03:19 Backup/big-test.txt
📊 Fichiers dans Backup: 5

📈 RAPPORT DE SESSION
=====================
🕐 Début: Sun Aug 23 11:56:45 UTC 1970
⏱️ Fin: Fri Jun  5 03:19:01 UTC 2026
📁 Fichiers sources: 5
📁 Fichiers backup: 5
📦 Fichiers archivés: 5
📊 Taux de réussite: 83%
🎯 Statut: SUCCÈS
🔚 FIN SESSION - 20260605_031901

🧹 GESTION DU STOCKAGE
---------------------
📦 Archives avant nettoyage: 16
📝 Logs avant nettoyage: 16
🗑️ Nettoyage des anciennes archives...
  Supprimé: backup_20260521_031820_previous.tar.gz
🗑️ Nettoyage des anciens logs...
  Supprimé: backup_20260521_031820.log
✅ Nettoyage terminé
📦 Archives restantes: 15
📝 Logs restants: 15

💾 COMMIT AUTOMATIQUE
---------------------
