🟢 DEBUT SESSION BACKUP - 20260713_031139
======================================
Déclencheur: schedule
Branche: refs/heads/main
Commit: e4291b271eae2d0cacbf7f3d92c86a2570f1cd10
Source: Source
Backup: Backup
Archives: Archives
Session: backup_20260713_031139
======================================

📊 AUDIT PRE-BACKUP
-------------------
📁 Contenu de Source:
-rw-r--r-- 1 runner runner 10 Jul 13 03:11 Source/big-test.txt
-rw-r--r-- 1 runner runner 22 Jul 13 03:11 Source/test-ultime.txt
-rw-r--r-- 1 runner runner 30 Jul 13 03:11 Source/Test-ultra-ultime.txt
-rw-r--r-- 1 runner runner 5 Jul 13 03:11 Source/test.txt
-rw-r--r-- 1 runner runner 16 Jul 13 03:11 Source/fichier.txt
✅ Total fichiers sources: 5

📦 ARCHIVAGE BACKUP EXISTANT
----------------------------
✅ Archive créée: backup_20260713_031139_previous.tar.gz
📋 Contenu archivé:
Backup/
Backup/big-test.txt
Backup/test-ultime.txt
Backup/Test-ultra-ultime.txt
Backup/test.txt
Backup/fichier.txt
[...]
📊 Fichiers archivés: 5

🔄 SYNCHRONISATION
------------------
✅ Synchronisation terminée
📁 Contenu de Backup:
-rw-r--r-- 1 runner runner 10 Jul 13 03:11 Backup/big-test.txt
-rw-r--r-- 1 runner runner 22 Jul 13 03:11 Backup/test-ultime.txt
-rw-r--r-- 1 runner runner 30 Jul 13 03:11 Backup/Test-ultra-ultime.txt
-rw-r--r-- 1 runner runner 5 Jul 13 03:11 Backup/test.txt
-rw-r--r-- 1 runner runner 16 Jul 13 03:11 Backup/fichier.txt
📊 Fichiers dans Backup: 5

📈 RAPPORT DE SESSION
=====================
🕐 Début: Sun Aug 23 11:58:33 UTC 1970
⏱️ Fin: Mon Jul 13 03:11:40 UTC 2026
📁 Fichiers sources: 5
📁 Fichiers backup: 5
📦 Fichiers archivés: 5
📊 Taux de réussite: 83%
🎯 Statut: SUCCÈS
🔚 FIN SESSION - 20260713_031140

🧹 GESTION DU STOCKAGE
---------------------
📦 Archives avant nettoyage: 16
📝 Logs avant nettoyage: 16
🗑️ Nettoyage des anciennes archives...
  Supprimé: backup_20260628_031817_previous.tar.gz
🗑️ Nettoyage des anciens logs...
  Supprimé: backup_20260628_031817.log
✅ Nettoyage terminé
📦 Archives restantes: 15
📝 Logs restants: 15

💾 COMMIT AUTOMATIQUE
---------------------
