🟢 DEBUT SESSION BACKUP - 20260604_032009
======================================
Déclencheur: schedule
Branche: refs/heads/main
Commit: 5b5cd22bde56b876d6f860b37ef062a0e2d868ec
Source: Source
Backup: Backup
Archives: Archives
Session: backup_20260604_032009
======================================

📊 AUDIT PRE-BACKUP
-------------------
📁 Contenu de Source:
-rw-r--r-- 1 runner runner 22 Jun  4 03:20 Source/test-ultime.txt
-rw-r--r-- 1 runner runner 5 Jun  4 03:20 Source/test.txt
-rw-r--r-- 1 runner runner 16 Jun  4 03:20 Source/fichier.txt
-rw-r--r-- 1 runner runner 30 Jun  4 03:20 Source/Test-ultra-ultime.txt
-rw-r--r-- 1 runner runner 10 Jun  4 03:20 Source/big-test.txt
✅ Total fichiers sources: 5

📦 ARCHIVAGE BACKUP EXISTANT
----------------------------
✅ Archive créée: backup_20260604_032009_previous.tar.gz
📋 Contenu archivé:
Backup/
Backup/test-ultime.txt
Backup/test.txt
Backup/fichier.txt
Backup/Test-ultra-ultime.txt
Backup/big-test.txt
[...]
📊 Fichiers archivés: 5

🔄 SYNCHRONISATION
------------------
✅ Synchronisation terminée
📁 Contenu de Backup:
-rw-r--r-- 1 runner runner 22 Jun  4 03:20 Backup/test-ultime.txt
-rw-r--r-- 1 runner runner 5 Jun  4 03:20 Backup/test.txt
-rw-r--r-- 1 runner runner 16 Jun  4 03:20 Backup/fichier.txt
-rw-r--r-- 1 runner runner 30 Jun  4 03:20 Backup/Test-ultra-ultime.txt
-rw-r--r-- 1 runner runner 10 Jun  4 03:20 Backup/big-test.txt
📊 Fichiers dans Backup: 5

📈 RAPPORT DE SESSION
=====================
🕐 Début: Sun Aug 23 11:56:44 UTC 1970
⏱️ Fin: Thu Jun  4 03:20:09 UTC 2026
📁 Fichiers sources: 5
📁 Fichiers backup: 5
📦 Fichiers archivés: 5
📊 Taux de réussite: 83%
🎯 Statut: SUCCÈS
🔚 FIN SESSION - 20260604_032009

🧹 GESTION DU STOCKAGE
---------------------
📦 Archives avant nettoyage: 16
📝 Logs avant nettoyage: 16
🗑️ Nettoyage des anciennes archives...
  Supprimé: backup_20260520_031731_previous.tar.gz
🗑️ Nettoyage des anciens logs...
  Supprimé: backup_20260520_031731.log
✅ Nettoyage terminé
📦 Archives restantes: 15
📝 Logs restants: 15

💾 COMMIT AUTOMATIQUE
---------------------
