🟢 DEBUT SESSION BACKUP - 20260321_040841
======================================
Déclencheur: schedule
Branche: refs/heads/main
Commit: a0ee0be108c2d20ac7691cf6b26e52e7ac2e8370
Source: Source
Backup: Backup
Archives: Archives
Session: backup_20260321_040841
======================================

📊 AUDIT PRE-BACKUP
-------------------
📁 Contenu de Source:
-rw-r--r-- 1 runner runner 5 Mar 21 04:08 Source/test.txt
-rw-r--r-- 1 runner runner 22 Mar 21 04:08 Source/test-ultime.txt
-rw-r--r-- 1 runner runner 30 Mar 21 04:08 Source/Test-ultra-ultime.txt
-rw-r--r-- 1 runner runner 10 Mar 21 04:08 Source/big-test.txt
-rw-r--r-- 1 runner runner 16 Mar 21 04:08 Source/fichier.txt
✅ Total fichiers sources: 5

📦 ARCHIVAGE BACKUP EXISTANT
----------------------------
✅ Archive créée: backup_20260321_040841_previous.tar.gz
📋 Contenu archivé:
Backup/
Backup/test.txt
Backup/test-ultime.txt
Backup/Test-ultra-ultime.txt
Backup/big-test.txt
Backup/fichier.txt
[...]
📊 Fichiers archivés: 5

🔄 SYNCHRONISATION
------------------
✅ Synchronisation terminée
📁 Contenu de Backup:
-rw-r--r-- 1 runner runner 5 Mar 21 04:08 Backup/test.txt
-rw-r--r-- 1 runner runner 22 Mar 21 04:08 Backup/test-ultime.txt
-rw-r--r-- 1 runner runner 30 Mar 21 04:08 Backup/Test-ultra-ultime.txt
-rw-r--r-- 1 runner runner 10 Mar 21 04:08 Backup/big-test.txt
-rw-r--r-- 1 runner runner 16 Mar 21 04:08 Backup/fichier.txt
📊 Fichiers dans Backup: 5

📈 RAPPORT DE SESSION
=====================
🕐 Début: Sun Aug 23 11:52:01 UTC 1970
⏱️ Fin: Sat Mar 21 04:08:41 UTC 2026
📁 Fichiers sources: 5
📁 Fichiers backup: 5
📦 Fichiers archivés: 5
📊 Taux de réussite: 83%
🎯 Statut: SUCCÈS
🔚 FIN SESSION - 20260321_040841

🧹 GESTION DU STOCKAGE
---------------------
📦 Archives avant nettoyage: 16
📝 Logs avant nettoyage: 16
🗑️ Nettoyage des anciennes archives...
  Supprimé: backup_20260306_041239_previous.tar.gz
🗑️ Nettoyage des anciens logs...
  Supprimé: backup_20260306_041239.log
✅ Nettoyage terminé
📦 Archives restantes: 15
📝 Logs restants: 15

💾 COMMIT AUTOMATIQUE
---------------------
