🟢 DEBUT SESSION BACKUP - 20260330_044915
======================================
Déclencheur: schedule
Branche: refs/heads/main
Commit: 01e017ef97be06f1b54bed5bcc943bbcacec706a
Source: Source
Backup: Backup
Archives: Archives
Session: backup_20260330_044915
======================================

📊 AUDIT PRE-BACKUP
-------------------
📁 Contenu de Source:
-rw-r--r-- 1 runner runner 16 Mar 30 04:49 Source/fichier.txt
-rw-r--r-- 1 runner runner 10 Mar 30 04:49 Source/big-test.txt
-rw-r--r-- 1 runner runner 22 Mar 30 04:49 Source/test-ultime.txt
-rw-r--r-- 1 runner runner 5 Mar 30 04:49 Source/test.txt
-rw-r--r-- 1 runner runner 30 Mar 30 04:49 Source/Test-ultra-ultime.txt
✅ Total fichiers sources: 5

📦 ARCHIVAGE BACKUP EXISTANT
----------------------------
✅ Archive créée: backup_20260330_044915_previous.tar.gz
📋 Contenu archivé:
Backup/
Backup/fichier.txt
Backup/big-test.txt
Backup/test-ultime.txt
Backup/test.txt
Backup/Test-ultra-ultime.txt
[...]
📊 Fichiers archivés: 5

🔄 SYNCHRONISATION
------------------
✅ Synchronisation terminée
📁 Contenu de Backup:
-rw-r--r-- 1 runner runner 16 Mar 30 04:49 Backup/fichier.txt
-rw-r--r-- 1 runner runner 10 Mar 30 04:49 Backup/big-test.txt
-rw-r--r-- 1 runner runner 22 Mar 30 04:49 Backup/test-ultime.txt
-rw-r--r-- 1 runner runner 5 Mar 30 04:49 Backup/test.txt
-rw-r--r-- 1 runner runner 30 Mar 30 04:49 Backup/Test-ultra-ultime.txt
📊 Fichiers dans Backup: 5

📈 RAPPORT DE SESSION
=====================
🕐 Début: Sun Aug 23 11:52:10 UTC 1970
⏱️ Fin: Mon Mar 30 04:49:16 UTC 2026
📁 Fichiers sources: 5
📁 Fichiers backup: 5
📦 Fichiers archivés: 5
📊 Taux de réussite: 83%
🎯 Statut: SUCCÈS
🔚 FIN SESSION - 20260330_044916

🧹 GESTION DU STOCKAGE
---------------------
📦 Archives avant nettoyage: 16
📝 Logs avant nettoyage: 16
🗑️ Nettoyage des anciennes archives...
  Supprimé: backup_20260315_043543_previous.tar.gz
🗑️ Nettoyage des anciens logs...
  Supprimé: backup_20260315_043543.log
✅ Nettoyage terminé
📦 Archives restantes: 15
📝 Logs restants: 15

💾 COMMIT AUTOMATIQUE
---------------------
