🟢 DEBUT SESSION BACKUP - 20260526_061136
======================================
Déclencheur: schedule
Branche: refs/heads/main
Commit: a68b3fe74dfda9e83a29276f8b779089fe445a05
Source: Source
Backup: Backup
Archives: Archives
Session: backup_20260526_061136
======================================

📊 AUDIT PRE-BACKUP
-------------------
📁 Contenu de Source:
-rw-r--r-- 1 runner runner 22 May 26 06:11 Source/test-ultime.txt
-rw-r--r-- 1 runner runner 10 May 26 06:11 Source/big-test.txt
-rw-r--r-- 1 runner runner 5 May 26 06:11 Source/test.txt
-rw-r--r-- 1 runner runner 30 May 26 06:11 Source/Test-ultra-ultime.txt
-rw-r--r-- 1 runner runner 16 May 26 06:11 Source/fichier.txt
✅ Total fichiers sources: 5

📦 ARCHIVAGE BACKUP EXISTANT
----------------------------
✅ Archive créée: backup_20260526_061136_previous.tar.gz
📋 Contenu archivé:
Backup/
Backup/test-ultime.txt
Backup/big-test.txt
Backup/test.txt
Backup/Test-ultra-ultime.txt
Backup/fichier.txt
[...]
📊 Fichiers archivés: 5

🔄 SYNCHRONISATION
------------------
✅ Synchronisation terminée
📁 Contenu de Backup:
-rw-r--r-- 1 runner runner 22 May 26 06:11 Backup/test-ultime.txt
-rw-r--r-- 1 runner runner 10 May 26 06:11 Backup/big-test.txt
-rw-r--r-- 1 runner runner 5 May 26 06:11 Backup/test.txt
-rw-r--r-- 1 runner runner 30 May 26 06:11 Backup/Test-ultra-ultime.txt
-rw-r--r-- 1 runner runner 16 May 26 06:11 Backup/fichier.txt
📊 Fichiers dans Backup: 5

📈 RAPPORT DE SESSION
=====================
🕐 Début: Sun Aug 23 11:55:26 UTC 1970
⏱️ Fin: Tue May 26 06:11:36 UTC 2026
📁 Fichiers sources: 5
📁 Fichiers backup: 5
📦 Fichiers archivés: 5
📊 Taux de réussite: 83%
🎯 Statut: SUCCÈS
🔚 FIN SESSION - 20260526_061136

🧹 GESTION DU STOCKAGE
---------------------
📦 Archives avant nettoyage: 16
📝 Logs avant nettoyage: 16
🗑️ Nettoyage des anciennes archives...
  Supprimé: backup_20260511_031842_previous.tar.gz
🗑️ Nettoyage des anciens logs...
  Supprimé: backup_20260511_031842.log
✅ Nettoyage terminé
📦 Archives restantes: 15
📝 Logs restants: 15

💾 COMMIT AUTOMATIQUE
---------------------
