🟢 DEBUT SESSION BACKUP - 20260531_062415
======================================
Déclencheur: schedule
Branche: refs/heads/main
Commit: 80ca41d6b4c57f62eaed79404d10242776509178
Source: Source
Backup: Backup
Archives: Archives
Session: backup_20260531_062415
======================================

📊 AUDIT PRE-BACKUP
-------------------
📁 Contenu de Source:
-rw-r--r-- 1 runner runner 22 May 31 06:24 Source/test-ultime.txt
-rw-r--r-- 1 runner runner 5 May 31 06:24 Source/test.txt
-rw-r--r-- 1 runner runner 16 May 31 06:24 Source/fichier.txt
-rw-r--r-- 1 runner runner 30 May 31 06:24 Source/Test-ultra-ultime.txt
-rw-r--r-- 1 runner runner 10 May 31 06:24 Source/big-test.txt
✅ Total fichiers sources: 5

📦 ARCHIVAGE BACKUP EXISTANT
----------------------------
✅ Archive créée: backup_20260531_062415_previous.tar.gz
📋 Contenu archivé:
Backup/
Backup/test-ultime.txt
Backup/test.txt
Backup/fichier.txt
Backup/Test-ultra-ultime.txt
Backup/big-test.txt
[...]
📊 Fichiers archivés: 5

🔄 SYNCHRONISATION
------------------
✅ Synchronisation terminée
📁 Contenu de Backup:
-rw-r--r-- 1 runner runner 22 May 31 06:24 Backup/test-ultime.txt
-rw-r--r-- 1 runner runner 5 May 31 06:24 Backup/test.txt
-rw-r--r-- 1 runner runner 16 May 31 06:24 Backup/fichier.txt
-rw-r--r-- 1 runner runner 30 May 31 06:24 Backup/Test-ultra-ultime.txt
-rw-r--r-- 1 runner runner 10 May 31 06:24 Backup/big-test.txt
📊 Fichiers dans Backup: 5

📈 RAPPORT DE SESSION
=====================
🕐 Début: Sun Aug 23 11:55:31 UTC 1970
⏱️ Fin: Sun May 31 06:24:15 UTC 2026
📁 Fichiers sources: 5
📁 Fichiers backup: 5
📦 Fichiers archivés: 5
📊 Taux de réussite: 83%
🎯 Statut: SUCCÈS
🔚 FIN SESSION - 20260531_062415

🧹 GESTION DU STOCKAGE
---------------------
📦 Archives avant nettoyage: 16
📝 Logs avant nettoyage: 16
🗑️ Nettoyage des anciennes archives...
  Supprimé: backup_20260516_031456_previous.tar.gz
🗑️ Nettoyage des anciens logs...
  Supprimé: backup_20260516_031456.log
✅ Nettoyage terminé
📦 Archives restantes: 15
📝 Logs restants: 15

💾 COMMIT AUTOMATIQUE
---------------------
