🟢 DEBUT SESSION BACKUP - 20260312_041834
======================================
Déclencheur: schedule
Branche: refs/heads/main
Commit: 41e1fc44c78eb0a4c6303f89ae92eac95eac509a
Source: Source
Backup: Backup
Archives: Archives
Session: backup_20260312_041834
======================================

📊 AUDIT PRE-BACKUP
-------------------
📁 Contenu de Source:
-rw-r--r-- 1 runner runner 5 Mar 12 04:18 Source/test.txt
-rw-r--r-- 1 runner runner 22 Mar 12 04:18 Source/test-ultime.txt
-rw-r--r-- 1 runner runner 30 Mar 12 04:18 Source/Test-ultra-ultime.txt
-rw-r--r-- 1 runner runner 10 Mar 12 04:18 Source/big-test.txt
-rw-r--r-- 1 runner runner 16 Mar 12 04:18 Source/fichier.txt
✅ Total fichiers sources: 5

📦 ARCHIVAGE BACKUP EXISTANT
----------------------------
✅ Archive créée: backup_20260312_041834_previous.tar.gz
📋 Contenu archivé:
Backup/
Backup/test.txt
Backup/test-ultime.txt
Backup/Test-ultra-ultime.txt
Backup/big-test.txt
Backup/fichier.txt
[...]
📊 Fichiers archivés: 5

🔄 SYNCHRONISATION
------------------
✅ Synchronisation terminée
📁 Contenu de Backup:
-rw-r--r-- 1 runner runner 5 Mar 12 04:18 Backup/test.txt
-rw-r--r-- 1 runner runner 22 Mar 12 04:18 Backup/test-ultime.txt
-rw-r--r-- 1 runner runner 30 Mar 12 04:18 Backup/Test-ultra-ultime.txt
-rw-r--r-- 1 runner runner 10 Mar 12 04:18 Backup/big-test.txt
-rw-r--r-- 1 runner runner 16 Mar 12 04:18 Backup/fichier.txt
📊 Fichiers dans Backup: 5

📈 RAPPORT DE SESSION
=====================
🕐 Début: Sun Aug 23 11:51:52 UTC 1970
⏱️ Fin: Thu Mar 12 04:18:34 UTC 2026
📁 Fichiers sources: 5
📁 Fichiers backup: 5
📦 Fichiers archivés: 5
📊 Taux de réussite: 83%
🎯 Statut: SUCCÈS
🔚 FIN SESSION - 20260312_041834

🧹 GESTION DU STOCKAGE
---------------------
📦 Archives avant nettoyage: 16
📝 Logs avant nettoyage: 16
🗑️ Nettoyage des anciennes archives...
  Supprimé: backup_20260225_042412_previous.tar.gz
🗑️ Nettoyage des anciens logs...
  Supprimé: backup_20260225_042412.log
✅ Nettoyage terminé
📦 Archives restantes: 15
📝 Logs restants: 15

💾 COMMIT AUTOMATIQUE
---------------------
