🟢 DEBUT SESSION BACKUP - 20260507_053546
======================================
Déclencheur: schedule
Branche: refs/heads/main
Commit: e102147a0ae89320015064433795ddac73bd9917
Source: Source
Backup: Backup
Archives: Archives
Session: backup_20260507_053546
======================================

📊 AUDIT PRE-BACKUP
-------------------
📁 Contenu de Source:
-rw-r--r-- 1 runner runner 5 May  7 05:35 Source/test.txt
-rw-r--r-- 1 runner runner 22 May  7 05:35 Source/test-ultime.txt
-rw-r--r-- 1 runner runner 30 May  7 05:35 Source/Test-ultra-ultime.txt
-rw-r--r-- 1 runner runner 10 May  7 05:35 Source/big-test.txt
-rw-r--r-- 1 runner runner 16 May  7 05:35 Source/fichier.txt
✅ Total fichiers sources: 5

📦 ARCHIVAGE BACKUP EXISTANT
----------------------------
✅ Archive créée: backup_20260507_053546_previous.tar.gz
📋 Contenu archivé:
Backup/
Backup/test.txt
Backup/test-ultime.txt
Backup/Test-ultra-ultime.txt
Backup/big-test.txt
Backup/fichier.txt
[...]
📊 Fichiers archivés: 5

🔄 SYNCHRONISATION
------------------
✅ Synchronisation terminée
📁 Contenu de Backup:
-rw-r--r-- 1 runner runner 5 May  7 05:35 Backup/test.txt
-rw-r--r-- 1 runner runner 22 May  7 05:35 Backup/test-ultime.txt
-rw-r--r-- 1 runner runner 30 May  7 05:35 Backup/Test-ultra-ultime.txt
-rw-r--r-- 1 runner runner 10 May  7 05:35 Backup/big-test.txt
-rw-r--r-- 1 runner runner 16 May  7 05:35 Backup/fichier.txt
📊 Fichiers dans Backup: 5

📈 RAPPORT DE SESSION
=====================
🕐 Début: Sun Aug 23 11:55:07 UTC 1970
⏱️ Fin: Thu May  7 05:35:47 UTC 2026
📁 Fichiers sources: 5
📁 Fichiers backup: 5
📦 Fichiers archivés: 5
📊 Taux de réussite: 83%
🎯 Statut: SUCCÈS
🔚 FIN SESSION - 20260507_053547

🧹 GESTION DU STOCKAGE
---------------------
📦 Archives avant nettoyage: 16
📝 Logs avant nettoyage: 16
🗑️ Nettoyage des anciennes archives...
  Supprimé: backup_20260422_031308_previous.tar.gz
🗑️ Nettoyage des anciens logs...
  Supprimé: backup_20260422_031308.log
✅ Nettoyage terminé
📦 Archives restantes: 15
📝 Logs restants: 15

💾 COMMIT AUTOMATIQUE
---------------------
