🟢 DEBUT SESSION BACKUP - 20260708_052639
======================================
Déclencheur: schedule
Branche: refs/heads/main
Commit: 31ba01191c96337c10c12461bafa5a95d9fe355e
Source: Source
Backup: Backup
Archives: Archives
Session: backup_20260708_052639
======================================

📊 AUDIT PRE-BACKUP
-------------------
📁 Contenu de Source:
-rw-r--r-- 1 runner runner 10 Jul  8 05:26 Source/big-test.txt
-rw-r--r-- 1 runner runner 22 Jul  8 05:26 Source/test-ultime.txt
-rw-r--r-- 1 runner runner 30 Jul  8 05:26 Source/Test-ultra-ultime.txt
-rw-r--r-- 1 runner runner 5 Jul  8 05:26 Source/test.txt
-rw-r--r-- 1 runner runner 16 Jul  8 05:26 Source/fichier.txt
✅ Total fichiers sources: 5

📦 ARCHIVAGE BACKUP EXISTANT
----------------------------
✅ Archive créée: backup_20260708_052639_previous.tar.gz
📋 Contenu archivé:
Backup/
Backup/big-test.txt
Backup/test-ultime.txt
Backup/Test-ultra-ultime.txt
Backup/test.txt
Backup/fichier.txt
[...]
📊 Fichiers archivés: 5

🔄 SYNCHRONISATION
------------------
✅ Synchronisation terminée
📁 Contenu de Backup:
-rw-r--r-- 1 runner runner 10 Jul  8 05:26 Backup/big-test.txt
-rw-r--r-- 1 runner runner 22 Jul  8 05:26 Backup/test-ultime.txt
-rw-r--r-- 1 runner runner 30 Jul  8 05:26 Backup/Test-ultra-ultime.txt
-rw-r--r-- 1 runner runner 5 Jul  8 05:26 Backup/test.txt
-rw-r--r-- 1 runner runner 16 Jul  8 05:26 Backup/fichier.txt
📊 Fichiers dans Backup: 5

📈 RAPPORT DE SESSION
=====================
🕐 Début: Sun Aug 23 11:58:28 UTC 1970
⏱️ Fin: Wed Jul  8 05:26:39 UTC 2026
📁 Fichiers sources: 5
📁 Fichiers backup: 5
📦 Fichiers archivés: 5
📊 Taux de réussite: 83%
🎯 Statut: SUCCÈS
🔚 FIN SESSION - 20260708_052639

🧹 GESTION DU STOCKAGE
---------------------
📦 Archives avant nettoyage: 16
📝 Logs avant nettoyage: 16
🗑️ Nettoyage des anciennes archives...
  Supprimé: backup_20260623_031646_previous.tar.gz
🗑️ Nettoyage des anciens logs...
  Supprimé: backup_20260623_031646.log
✅ Nettoyage terminé
📦 Archives restantes: 15
📝 Logs restants: 15

💾 COMMIT AUTOMATIQUE
---------------------
