🟢 DEBUT SESSION BACKUP - 20260404_042203
======================================
Déclencheur: schedule
Branche: refs/heads/main
Commit: 9de71c3e411d190a9888459c4e9250e8c7697762
Source: Source
Backup: Backup
Archives: Archives
Session: backup_20260404_042203
======================================

📊 AUDIT PRE-BACKUP
-------------------
📁 Contenu de Source:
-rw-r--r-- 1 runner runner 16 Apr  4 04:22 Source/fichier.txt
-rw-r--r-- 1 runner runner 10 Apr  4 04:22 Source/big-test.txt
-rw-r--r-- 1 runner runner 22 Apr  4 04:22 Source/test-ultime.txt
-rw-r--r-- 1 runner runner 5 Apr  4 04:22 Source/test.txt
-rw-r--r-- 1 runner runner 30 Apr  4 04:22 Source/Test-ultra-ultime.txt
✅ Total fichiers sources: 5

📦 ARCHIVAGE BACKUP EXISTANT
----------------------------
✅ Archive créée: backup_20260404_042203_previous.tar.gz
📋 Contenu archivé:
Backup/
Backup/fichier.txt
Backup/big-test.txt
Backup/test-ultime.txt
Backup/test.txt
Backup/Test-ultra-ultime.txt
[...]
📊 Fichiers archivés: 5

🔄 SYNCHRONISATION
------------------
✅ Synchronisation terminée
📁 Contenu de Backup:
-rw-r--r-- 1 runner runner 16 Apr  4 04:22 Backup/fichier.txt
-rw-r--r-- 1 runner runner 10 Apr  4 04:22 Backup/big-test.txt
-rw-r--r-- 1 runner runner 22 Apr  4 04:22 Backup/test-ultime.txt
-rw-r--r-- 1 runner runner 5 Apr  4 04:22 Backup/test.txt
-rw-r--r-- 1 runner runner 30 Apr  4 04:22 Backup/Test-ultra-ultime.txt
📊 Fichiers dans Backup: 5

📈 RAPPORT DE SESSION
=====================
🕐 Début: Sun Aug 23 11:53:24 UTC 1970
⏱️ Fin: Sat Apr  4 04:22:03 UTC 2026
📁 Fichiers sources: 5
📁 Fichiers backup: 5
📦 Fichiers archivés: 5
📊 Taux de réussite: 83%
🎯 Statut: SUCCÈS
🔚 FIN SESSION - 20260404_042203

🧹 GESTION DU STOCKAGE
---------------------
📦 Archives avant nettoyage: 16
📝 Logs avant nettoyage: 16
🗑️ Nettoyage des anciennes archives...
  Supprimé: backup_20260320_041850_previous.tar.gz
🗑️ Nettoyage des anciens logs...
  Supprimé: backup_20260320_041850.log
✅ Nettoyage terminé
📦 Archives restantes: 15
📝 Logs restants: 15

💾 COMMIT AUTOMATIQUE
---------------------
