🟢 DEBUT SESSION BACKUP - 20260319_042655
======================================
Déclencheur: schedule
Branche: refs/heads/main
Commit: e1900e5006c0f10d031ec11fc802c1adbaa51b86
Source: Source
Backup: Backup
Archives: Archives
Session: backup_20260319_042655
======================================

📊 AUDIT PRE-BACKUP
-------------------
📁 Contenu de Source:
-rw-r--r-- 1 runner runner 5 Mar 19 04:26 Source/test.txt
-rw-r--r-- 1 runner runner 22 Mar 19 04:26 Source/test-ultime.txt
-rw-r--r-- 1 runner runner 30 Mar 19 04:26 Source/Test-ultra-ultime.txt
-rw-r--r-- 1 runner runner 10 Mar 19 04:26 Source/big-test.txt
-rw-r--r-- 1 runner runner 16 Mar 19 04:26 Source/fichier.txt
✅ Total fichiers sources: 5

📦 ARCHIVAGE BACKUP EXISTANT
----------------------------
✅ Archive créée: backup_20260319_042655_previous.tar.gz
📋 Contenu archivé:
Backup/
Backup/test.txt
Backup/test-ultime.txt
Backup/Test-ultra-ultime.txt
Backup/big-test.txt
Backup/fichier.txt
[...]
📊 Fichiers archivés: 5

🔄 SYNCHRONISATION
------------------
✅ Synchronisation terminée
📁 Contenu de Backup:
-rw-r--r-- 1 runner runner 5 Mar 19 04:26 Backup/test.txt
-rw-r--r-- 1 runner runner 22 Mar 19 04:26 Backup/test-ultime.txt
-rw-r--r-- 1 runner runner 30 Mar 19 04:26 Backup/Test-ultra-ultime.txt
-rw-r--r-- 1 runner runner 10 Mar 19 04:26 Backup/big-test.txt
-rw-r--r-- 1 runner runner 16 Mar 19 04:26 Backup/fichier.txt
📊 Fichiers dans Backup: 5

📈 RAPPORT DE SESSION
=====================
🕐 Début: Sun Aug 23 11:51:59 UTC 1970
⏱️ Fin: Thu Mar 19 04:26:55 UTC 2026
📁 Fichiers sources: 5
📁 Fichiers backup: 5
📦 Fichiers archivés: 5
📊 Taux de réussite: 83%
🎯 Statut: SUCCÈS
🔚 FIN SESSION - 20260319_042655

🧹 GESTION DU STOCKAGE
---------------------
📦 Archives avant nettoyage: 16
📝 Logs avant nettoyage: 16
🗑️ Nettoyage des anciennes archives...
  Supprimé: backup_20260304_041151_previous.tar.gz
🗑️ Nettoyage des anciens logs...
  Supprimé: backup_20260304_041151.log
✅ Nettoyage terminé
📦 Archives restantes: 15
📝 Logs restants: 15

💾 COMMIT AUTOMATIQUE
---------------------
