🟢 DEBUT SESSION BACKUP - 20260615_032116
======================================
Déclencheur: schedule
Branche: refs/heads/main
Commit: 022bae17cd790fa882919945bee548b326f80c01
Source: Source
Backup: Backup
Archives: Archives
Session: backup_20260615_032116
======================================

📊 AUDIT PRE-BACKUP
-------------------
📁 Contenu de Source:
-rw-r--r-- 1 runner runner 10 Jun 15 03:21 Source/big-test.txt
-rw-r--r-- 1 runner runner 22 Jun 15 03:21 Source/test-ultime.txt
-rw-r--r-- 1 runner runner 30 Jun 15 03:21 Source/Test-ultra-ultime.txt
-rw-r--r-- 1 runner runner 5 Jun 15 03:21 Source/test.txt
-rw-r--r-- 1 runner runner 16 Jun 15 03:21 Source/fichier.txt
✅ Total fichiers sources: 5

📦 ARCHIVAGE BACKUP EXISTANT
----------------------------
✅ Archive créée: backup_20260615_032116_previous.tar.gz
📋 Contenu archivé:
Backup/
Backup/big-test.txt
Backup/test-ultime.txt
Backup/Test-ultra-ultime.txt
Backup/test.txt
Backup/fichier.txt
[...]
📊 Fichiers archivés: 5

🔄 SYNCHRONISATION
------------------
✅ Synchronisation terminée
📁 Contenu de Backup:
-rw-r--r-- 1 runner runner 10 Jun 15 03:21 Backup/big-test.txt
-rw-r--r-- 1 runner runner 22 Jun 15 03:21 Backup/test-ultime.txt
-rw-r--r-- 1 runner runner 30 Jun 15 03:21 Backup/Test-ultra-ultime.txt
-rw-r--r-- 1 runner runner 5 Jun 15 03:21 Backup/test.txt
-rw-r--r-- 1 runner runner 16 Jun 15 03:21 Backup/fichier.txt
📊 Fichiers dans Backup: 5

📈 RAPPORT DE SESSION
=====================
🕐 Début: Sun Aug 23 11:56:55 UTC 1970
⏱️ Fin: Mon Jun 15 03:21:16 UTC 2026
📁 Fichiers sources: 5
📁 Fichiers backup: 5
📦 Fichiers archivés: 5
📊 Taux de réussite: 83%
🎯 Statut: SUCCÈS
🔚 FIN SESSION - 20260615_032116

🧹 GESTION DU STOCKAGE
---------------------
📦 Archives avant nettoyage: 16
📝 Logs avant nettoyage: 16
🗑️ Nettoyage des anciennes archives...
  Supprimé: backup_20260531_062415_previous.tar.gz
🗑️ Nettoyage des anciens logs...
  Supprimé: backup_20260531_062415.log
✅ Nettoyage terminé
📦 Archives restantes: 15
📝 Logs restants: 15

💾 COMMIT AUTOMATIQUE
---------------------
