🟢 DEBUT SESSION BACKUP - 20260316_044344
======================================
Déclencheur: schedule
Branche: refs/heads/main
Commit: c8a8a0f40e872bf6430b3b394b7b25e2db6e57e7
Source: Source
Backup: Backup
Archives: Archives
Session: backup_20260316_044344
======================================

📊 AUDIT PRE-BACKUP
-------------------
📁 Contenu de Source:
-rw-r--r-- 1 runner runner 5 Mar 16 04:43 Source/test.txt
-rw-r--r-- 1 runner runner 22 Mar 16 04:43 Source/test-ultime.txt
-rw-r--r-- 1 runner runner 30 Mar 16 04:43 Source/Test-ultra-ultime.txt
-rw-r--r-- 1 runner runner 10 Mar 16 04:43 Source/big-test.txt
-rw-r--r-- 1 runner runner 16 Mar 16 04:43 Source/fichier.txt
✅ Total fichiers sources: 5

📦 ARCHIVAGE BACKUP EXISTANT
----------------------------
✅ Archive créée: backup_20260316_044344_previous.tar.gz
📋 Contenu archivé:
Backup/
Backup/test.txt
Backup/test-ultime.txt
Backup/Test-ultra-ultime.txt
Backup/big-test.txt
Backup/fichier.txt
[...]
📊 Fichiers archivés: 5

🔄 SYNCHRONISATION
------------------
✅ Synchronisation terminée
📁 Contenu de Backup:
-rw-r--r-- 1 runner runner 5 Mar 16 04:43 Backup/test.txt
-rw-r--r-- 1 runner runner 22 Mar 16 04:43 Backup/test-ultime.txt
-rw-r--r-- 1 runner runner 30 Mar 16 04:43 Backup/Test-ultra-ultime.txt
-rw-r--r-- 1 runner runner 10 Mar 16 04:43 Backup/big-test.txt
-rw-r--r-- 1 runner runner 16 Mar 16 04:43 Backup/fichier.txt
📊 Fichiers dans Backup: 5

📈 RAPPORT DE SESSION
=====================
🕐 Début: Sun Aug 23 11:51:56 UTC 1970
⏱️ Fin: Mon Mar 16 04:43:44 UTC 2026
📁 Fichiers sources: 5
📁 Fichiers backup: 5
📦 Fichiers archivés: 5
📊 Taux de réussite: 83%
🎯 Statut: SUCCÈS
🔚 FIN SESSION - 20260316_044344

🧹 GESTION DU STOCKAGE
---------------------
📦 Archives avant nettoyage: 16
📝 Logs avant nettoyage: 16
🗑️ Nettoyage des anciennes archives...
  Supprimé: backup_20260301_042547_previous.tar.gz
🗑️ Nettoyage des anciens logs...
  Supprimé: backup_20260301_042547.log
✅ Nettoyage terminé
📦 Archives restantes: 15
📝 Logs restants: 15

💾 COMMIT AUTOMATIQUE
---------------------
