🟢 DEBUT SESSION BACKUP - 20260327_043712
======================================
Déclencheur: schedule
Branche: refs/heads/main
Commit: a3b43719495c0310033526e4eb0a456f8db95286
Source: Source
Backup: Backup
Archives: Archives
Session: backup_20260327_043712
======================================

📊 AUDIT PRE-BACKUP
-------------------
📁 Contenu de Source:
-rw-r--r-- 1 runner runner 16 Mar 27 04:37 Source/fichier.txt
-rw-r--r-- 1 runner runner 10 Mar 27 04:37 Source/big-test.txt
-rw-r--r-- 1 runner runner 22 Mar 27 04:37 Source/test-ultime.txt
-rw-r--r-- 1 runner runner 5 Mar 27 04:37 Source/test.txt
-rw-r--r-- 1 runner runner 30 Mar 27 04:37 Source/Test-ultra-ultime.txt
✅ Total fichiers sources: 5

📦 ARCHIVAGE BACKUP EXISTANT
----------------------------
✅ Archive créée: backup_20260327_043712_previous.tar.gz
📋 Contenu archivé:
Backup/
Backup/fichier.txt
Backup/big-test.txt
Backup/test-ultime.txt
Backup/test.txt
Backup/Test-ultra-ultime.txt
[...]
📊 Fichiers archivés: 5

🔄 SYNCHRONISATION
------------------
✅ Synchronisation terminée
📁 Contenu de Backup:
-rw-r--r-- 1 runner runner 16 Mar 27 04:37 Backup/fichier.txt
-rw-r--r-- 1 runner runner 10 Mar 27 04:37 Backup/big-test.txt
-rw-r--r-- 1 runner runner 22 Mar 27 04:37 Backup/test-ultime.txt
-rw-r--r-- 1 runner runner 5 Mar 27 04:37 Backup/test.txt
-rw-r--r-- 1 runner runner 30 Mar 27 04:37 Backup/Test-ultra-ultime.txt
📊 Fichiers dans Backup: 5

📈 RAPPORT DE SESSION
=====================
🕐 Début: Sun Aug 23 11:52:07 UTC 1970
⏱️ Fin: Fri Mar 27 04:37:12 UTC 2026
📁 Fichiers sources: 5
📁 Fichiers backup: 5
📦 Fichiers archivés: 5
📊 Taux de réussite: 83%
🎯 Statut: SUCCÈS
🔚 FIN SESSION - 20260327_043712

🧹 GESTION DU STOCKAGE
---------------------
📦 Archives avant nettoyage: 16
📝 Logs avant nettoyage: 16
🗑️ Nettoyage des anciennes archives...
  Supprimé: backup_20260312_041834_previous.tar.gz
🗑️ Nettoyage des anciens logs...
  Supprimé: backup_20260312_041834.log
✅ Nettoyage terminé
📦 Archives restantes: 15
📝 Logs restants: 15

💾 COMMIT AUTOMATIQUE
---------------------
