🟢 DEBUT SESSION BACKUP - 20260516_031456
======================================
Déclencheur: schedule
Branche: refs/heads/main
Commit: d7e8545a3ae3c0bc5d833feb901c5f6aaa3e83fc
Source: Source
Backup: Backup
Archives: Archives
Session: backup_20260516_031456
======================================

📊 AUDIT PRE-BACKUP
-------------------
📁 Contenu de Source:
-rw-r--r-- 1 runner runner 22 May 16 03:14 Source/test-ultime.txt
-rw-r--r-- 1 runner runner 10 May 16 03:14 Source/big-test.txt
-rw-r--r-- 1 runner runner 5 May 16 03:14 Source/test.txt
-rw-r--r-- 1 runner runner 30 May 16 03:14 Source/Test-ultra-ultime.txt
-rw-r--r-- 1 runner runner 16 May 16 03:14 Source/fichier.txt
✅ Total fichiers sources: 5

📦 ARCHIVAGE BACKUP EXISTANT
----------------------------
✅ Archive créée: backup_20260516_031456_previous.tar.gz
📋 Contenu archivé:
Backup/
Backup/test-ultime.txt
Backup/big-test.txt
Backup/test.txt
Backup/Test-ultra-ultime.txt
Backup/fichier.txt
[...]
📊 Fichiers archivés: 5

🔄 SYNCHRONISATION
------------------
✅ Synchronisation terminée
📁 Contenu de Backup:
-rw-r--r-- 1 runner runner 22 May 16 03:14 Backup/test-ultime.txt
-rw-r--r-- 1 runner runner 10 May 16 03:14 Backup/big-test.txt
-rw-r--r-- 1 runner runner 5 May 16 03:14 Backup/test.txt
-rw-r--r-- 1 runner runner 30 May 16 03:14 Backup/Test-ultra-ultime.txt
-rw-r--r-- 1 runner runner 16 May 16 03:14 Backup/fichier.txt
📊 Fichiers dans Backup: 5

📈 RAPPORT DE SESSION
=====================
🕐 Début: Sun Aug 23 11:55:16 UTC 1970
⏱️ Fin: Sat May 16 03:14:56 UTC 2026
📁 Fichiers sources: 5
📁 Fichiers backup: 5
📦 Fichiers archivés: 5
📊 Taux de réussite: 83%
🎯 Statut: SUCCÈS
🔚 FIN SESSION - 20260516_031456

🧹 GESTION DU STOCKAGE
---------------------
📦 Archives avant nettoyage: 16
📝 Logs avant nettoyage: 16
🗑️ Nettoyage des anciennes archives...
  Supprimé: backup_20260501_054549_previous.tar.gz
🗑️ Nettoyage des anciens logs...
  Supprimé: backup_20260501_054549.log
✅ Nettoyage terminé
📦 Archives restantes: 15
📝 Logs restants: 15

💾 COMMIT AUTOMATIQUE
---------------------
