🟢 DEBUT SESSION BACKUP - 20260325_042458
======================================
Déclencheur: schedule
Branche: refs/heads/main
Commit: 1755a31731ab7ea0ed75ff326c452c617d2fc592
Source: Source
Backup: Backup
Archives: Archives
Session: backup_20260325_042458
======================================

📊 AUDIT PRE-BACKUP
-------------------
📁 Contenu de Source:
-rw-r--r-- 1 runner runner 5 Mar 25 04:24 Source/test.txt
-rw-r--r-- 1 runner runner 22 Mar 25 04:24 Source/test-ultime.txt
-rw-r--r-- 1 runner runner 30 Mar 25 04:24 Source/Test-ultra-ultime.txt
-rw-r--r-- 1 runner runner 10 Mar 25 04:24 Source/big-test.txt
-rw-r--r-- 1 runner runner 16 Mar 25 04:24 Source/fichier.txt
✅ Total fichiers sources: 5

📦 ARCHIVAGE BACKUP EXISTANT
----------------------------
✅ Archive créée: backup_20260325_042458_previous.tar.gz
📋 Contenu archivé:
Backup/
Backup/test.txt
Backup/test-ultime.txt
Backup/Test-ultra-ultime.txt
Backup/big-test.txt
Backup/fichier.txt
[...]
📊 Fichiers archivés: 5

🔄 SYNCHRONISATION
------------------
✅ Synchronisation terminée
📁 Contenu de Backup:
-rw-r--r-- 1 runner runner 5 Mar 25 04:24 Backup/test.txt
-rw-r--r-- 1 runner runner 22 Mar 25 04:24 Backup/test-ultime.txt
-rw-r--r-- 1 runner runner 30 Mar 25 04:24 Backup/Test-ultra-ultime.txt
-rw-r--r-- 1 runner runner 10 Mar 25 04:24 Backup/big-test.txt
-rw-r--r-- 1 runner runner 16 Mar 25 04:24 Backup/fichier.txt
📊 Fichiers dans Backup: 5

📈 RAPPORT DE SESSION
=====================
🕐 Début: Sun Aug 23 11:52:05 UTC 1970
⏱️ Fin: Wed Mar 25 04:24:58 UTC 2026
📁 Fichiers sources: 5
📁 Fichiers backup: 5
📦 Fichiers archivés: 5
📊 Taux de réussite: 83%
🎯 Statut: SUCCÈS
🔚 FIN SESSION - 20260325_042458

🧹 GESTION DU STOCKAGE
---------------------
📦 Archives avant nettoyage: 16
📝 Logs avant nettoyage: 16
🗑️ Nettoyage des anciennes archives...
  Supprimé: backup_20260310_041329_previous.tar.gz
🗑️ Nettoyage des anciens logs...
  Supprimé: backup_20260310_041329.log
✅ Nettoyage terminé
📦 Archives restantes: 15
📝 Logs restants: 15

💾 COMMIT AUTOMATIQUE
---------------------
