🟢 DEBUT SESSION BACKUP - 20260612_031919
======================================
Déclencheur: schedule
Branche: refs/heads/main
Commit: 6a8cd5f67cdfa1b6c17a9b14e332503ed7f09f8c
Source: Source
Backup: Backup
Archives: Archives
Session: backup_20260612_031919
======================================

📊 AUDIT PRE-BACKUP
-------------------
📁 Contenu de Source:
-rw-r--r-- 1 runner runner 10 Jun 12 03:19 Source/big-test.txt
-rw-r--r-- 1 runner runner 22 Jun 12 03:19 Source/test-ultime.txt
-rw-r--r-- 1 runner runner 30 Jun 12 03:19 Source/Test-ultra-ultime.txt
-rw-r--r-- 1 runner runner 5 Jun 12 03:19 Source/test.txt
-rw-r--r-- 1 runner runner 16 Jun 12 03:19 Source/fichier.txt
✅ Total fichiers sources: 5

📦 ARCHIVAGE BACKUP EXISTANT
----------------------------
✅ Archive créée: backup_20260612_031919_previous.tar.gz
📋 Contenu archivé:
Backup/
Backup/big-test.txt
Backup/test-ultime.txt
Backup/Test-ultra-ultime.txt
Backup/test.txt
Backup/fichier.txt
[...]
📊 Fichiers archivés: 5

🔄 SYNCHRONISATION
------------------
✅ Synchronisation terminée
📁 Contenu de Backup:
-rw-r--r-- 1 runner runner 10 Jun 12 03:19 Backup/big-test.txt
-rw-r--r-- 1 runner runner 22 Jun 12 03:19 Backup/test-ultime.txt
-rw-r--r-- 1 runner runner 30 Jun 12 03:19 Backup/Test-ultra-ultime.txt
-rw-r--r-- 1 runner runner 5 Jun 12 03:19 Backup/test.txt
-rw-r--r-- 1 runner runner 16 Jun 12 03:19 Backup/fichier.txt
📊 Fichiers dans Backup: 5

📈 RAPPORT DE SESSION
=====================
🕐 Début: Sun Aug 23 11:56:52 UTC 1970
⏱️ Fin: Fri Jun 12 03:19:19 UTC 2026
📁 Fichiers sources: 5
📁 Fichiers backup: 5
📦 Fichiers archivés: 5
📊 Taux de réussite: 83%
🎯 Statut: SUCCÈS
🔚 FIN SESSION - 20260612_031919

🧹 GESTION DU STOCKAGE
---------------------
📦 Archives avant nettoyage: 16
📝 Logs avant nettoyage: 16
🗑️ Nettoyage des anciennes archives...
  Supprimé: backup_20260528_061738_previous.tar.gz
🗑️ Nettoyage des anciens logs...
  Supprimé: backup_20260528_061738.log
✅ Nettoyage terminé
📦 Archives restantes: 15
📝 Logs restants: 15

💾 COMMIT AUTOMATIQUE
---------------------
