🟢 DEBUT SESSION BACKUP - 20260425_043929
======================================
Déclencheur: schedule
Branche: refs/heads/main
Commit: 9f0ad8e8e0a95f6bb51b2796f4a404e09ce6b4e3
Source: Source
Backup: Backup
Archives: Archives
Session: backup_20260425_043929
======================================

📊 AUDIT PRE-BACKUP
-------------------
📁 Contenu de Source:
-rw-r--r-- 1 runner runner 5 Apr 25 04:39 Source/test.txt
-rw-r--r-- 1 runner runner 22 Apr 25 04:39 Source/test-ultime.txt
-rw-r--r-- 1 runner runner 30 Apr 25 04:39 Source/Test-ultra-ultime.txt
-rw-r--r-- 1 runner runner 10 Apr 25 04:39 Source/big-test.txt
-rw-r--r-- 1 runner runner 16 Apr 25 04:39 Source/fichier.txt
✅ Total fichiers sources: 5

📦 ARCHIVAGE BACKUP EXISTANT
----------------------------
✅ Archive créée: backup_20260425_043929_previous.tar.gz
📋 Contenu archivé:
Backup/
Backup/test.txt
Backup/test-ultime.txt
Backup/Test-ultra-ultime.txt
Backup/big-test.txt
Backup/fichier.txt
[...]
📊 Fichiers archivés: 5

🔄 SYNCHRONISATION
------------------
✅ Synchronisation terminée
📁 Contenu de Backup:
-rw-r--r-- 1 runner runner 5 Apr 25 04:39 Backup/test.txt
-rw-r--r-- 1 runner runner 22 Apr 25 04:39 Backup/test-ultime.txt
-rw-r--r-- 1 runner runner 30 Apr 25 04:39 Backup/Test-ultra-ultime.txt
-rw-r--r-- 1 runner runner 10 Apr 25 04:39 Backup/big-test.txt
-rw-r--r-- 1 runner runner 16 Apr 25 04:39 Backup/fichier.txt
📊 Fichiers dans Backup: 5

📈 RAPPORT DE SESSION
=====================
🕐 Début: Sun Aug 23 11:53:45 UTC 1970
⏱️ Fin: Sat Apr 25 04:39:29 UTC 2026
📁 Fichiers sources: 5
📁 Fichiers backup: 5
📦 Fichiers archivés: 5
📊 Taux de réussite: 83%
🎯 Statut: SUCCÈS
🔚 FIN SESSION - 20260425_043929

🧹 GESTION DU STOCKAGE
---------------------
📦 Archives avant nettoyage: 16
📝 Logs avant nettoyage: 16
🗑️ Nettoyage des anciennes archives...
  Supprimé: backup_20260410_031324_previous.tar.gz
🗑️ Nettoyage des anciens logs...
  Supprimé: backup_20260410_031324.log
✅ Nettoyage terminé
📦 Archives restantes: 15
📝 Logs restants: 15

💾 COMMIT AUTOMATIQUE
---------------------
