🟢 DEBUT SESSION BACKUP - 20260519_031733
======================================
Déclencheur: schedule
Branche: refs/heads/main
Commit: ad293cb6545833973a87235a93227c39f47b5d31
Source: Source
Backup: Backup
Archives: Archives
Session: backup_20260519_031733
======================================

📊 AUDIT PRE-BACKUP
-------------------
📁 Contenu de Source:
-rw-r--r-- 1 runner runner 22 May 19 03:17 Source/test-ultime.txt
-rw-r--r-- 1 runner runner 10 May 19 03:17 Source/big-test.txt
-rw-r--r-- 1 runner runner 5 May 19 03:17 Source/test.txt
-rw-r--r-- 1 runner runner 30 May 19 03:17 Source/Test-ultra-ultime.txt
-rw-r--r-- 1 runner runner 16 May 19 03:17 Source/fichier.txt
✅ Total fichiers sources: 5

📦 ARCHIVAGE BACKUP EXISTANT
----------------------------
✅ Archive créée: backup_20260519_031733_previous.tar.gz
📋 Contenu archivé:
Backup/
Backup/test-ultime.txt
Backup/big-test.txt
Backup/test.txt
Backup/Test-ultra-ultime.txt
Backup/fichier.txt
[...]
📊 Fichiers archivés: 5

🔄 SYNCHRONISATION
------------------
✅ Synchronisation terminée
📁 Contenu de Backup:
-rw-r--r-- 1 runner runner 22 May 19 03:17 Backup/test-ultime.txt
-rw-r--r-- 1 runner runner 10 May 19 03:17 Backup/big-test.txt
-rw-r--r-- 1 runner runner 5 May 19 03:17 Backup/test.txt
-rw-r--r-- 1 runner runner 30 May 19 03:17 Backup/Test-ultra-ultime.txt
-rw-r--r-- 1 runner runner 16 May 19 03:17 Backup/fichier.txt
📊 Fichiers dans Backup: 5

📈 RAPPORT DE SESSION
=====================
🕐 Début: Sun Aug 23 11:55:19 UTC 1970
⏱️ Fin: Tue May 19 03:17:33 UTC 2026
📁 Fichiers sources: 5
📁 Fichiers backup: 5
📦 Fichiers archivés: 5
📊 Taux de réussite: 83%
🎯 Statut: SUCCÈS
🔚 FIN SESSION - 20260519_031733

🧹 GESTION DU STOCKAGE
---------------------
📦 Archives avant nettoyage: 16
📝 Logs avant nettoyage: 16
🗑️ Nettoyage des anciennes archives...
  Supprimé: backup_20260504_053846_previous.tar.gz
🗑️ Nettoyage des anciens logs...
  Supprimé: backup_20260504_053846.log
✅ Nettoyage terminé
📦 Archives restantes: 15
📝 Logs restants: 15

💾 COMMIT AUTOMATIQUE
---------------------
