🟢 DEBUT SESSION BACKUP - 20260720_031126
======================================
Déclencheur: schedule
Branche: refs/heads/main
Commit: 2677593541644aaef16ac2cede5a6dec8d153ba2
Source: Source
Backup: Backup
Archives: Archives
Session: backup_20260720_031126
======================================

📊 AUDIT PRE-BACKUP
-------------------
📁 Contenu de Source:
-rw-r--r-- 1 runner runner 16 Jul 20 03:11 Source/fichier.txt
-rw-r--r-- 1 runner runner 30 Jul 20 03:11 Source/Test-ultra-ultime.txt
-rw-r--r-- 1 runner runner 10 Jul 20 03:11 Source/big-test.txt
-rw-r--r-- 1 runner runner 22 Jul 20 03:11 Source/test-ultime.txt
-rw-r--r-- 1 runner runner 5 Jul 20 03:11 Source/test.txt
✅ Total fichiers sources: 5

📦 ARCHIVAGE BACKUP EXISTANT
----------------------------
✅ Archive créée: backup_20260720_031126_previous.tar.gz
📋 Contenu archivé:
Backup/
Backup/fichier.txt
Backup/Test-ultra-ultime.txt
Backup/big-test.txt
Backup/test-ultime.txt
Backup/test.txt
[...]
📊 Fichiers archivés: 5

🔄 SYNCHRONISATION
------------------
✅ Synchronisation terminée
📁 Contenu de Backup:
-rw-r--r-- 1 runner runner 16 Jul 20 03:11 Backup/fichier.txt
-rw-r--r-- 1 runner runner 30 Jul 20 03:11 Backup/Test-ultra-ultime.txt
-rw-r--r-- 1 runner runner 10 Jul 20 03:11 Backup/big-test.txt
-rw-r--r-- 1 runner runner 22 Jul 20 03:11 Backup/test-ultime.txt
-rw-r--r-- 1 runner runner 5 Jul 20 03:11 Backup/test.txt
📊 Fichiers dans Backup: 5

📈 RAPPORT DE SESSION
=====================
🕐 Début: Sun Aug 23 11:58:40 UTC 1970
⏱️ Fin: Mon Jul 20 03:11:26 UTC 2026
📁 Fichiers sources: 5
📁 Fichiers backup: 5
📦 Fichiers archivés: 5
📊 Taux de réussite: 83%
🎯 Statut: SUCCÈS
🔚 FIN SESSION - 20260720_031126

🧹 GESTION DU STOCKAGE
---------------------
📦 Archives avant nettoyage: 16
📝 Logs avant nettoyage: 16
🗑️ Nettoyage des anciennes archives...
  Supprimé: backup_20260705_061012_previous.tar.gz
🗑️ Nettoyage des anciens logs...
  Supprimé: backup_20260705_061012.log
✅ Nettoyage terminé
📦 Archives restantes: 15
📝 Logs restants: 15

💾 COMMIT AUTOMATIQUE
---------------------
