🟢 DEBUT SESSION BACKUP - 20260411_031020
======================================
Déclencheur: schedule
Branche: refs/heads/main
Commit: ffd7291dfcb49ff55553934a8f4a5fcd458b92d3
Source: Source
Backup: Backup
Archives: Archives
Session: backup_20260411_031020
======================================

📊 AUDIT PRE-BACKUP
-------------------
📁 Contenu de Source:
-rw-r--r-- 1 runner runner 5 Apr 11 03:10 Source/test.txt
-rw-r--r-- 1 runner runner 22 Apr 11 03:10 Source/test-ultime.txt
-rw-r--r-- 1 runner runner 30 Apr 11 03:10 Source/Test-ultra-ultime.txt
-rw-r--r-- 1 runner runner 10 Apr 11 03:10 Source/big-test.txt
-rw-r--r-- 1 runner runner 16 Apr 11 03:10 Source/fichier.txt
✅ Total fichiers sources: 5

📦 ARCHIVAGE BACKUP EXISTANT
----------------------------
✅ Archive créée: backup_20260411_031020_previous.tar.gz
📋 Contenu archivé:
Backup/
Backup/test.txt
Backup/test-ultime.txt
Backup/Test-ultra-ultime.txt
Backup/big-test.txt
Backup/fichier.txt
[...]
📊 Fichiers archivés: 5

🔄 SYNCHRONISATION
------------------
✅ Synchronisation terminée
📁 Contenu de Backup:
-rw-r--r-- 1 runner runner 5 Apr 11 03:10 Backup/test.txt
-rw-r--r-- 1 runner runner 22 Apr 11 03:10 Backup/test-ultime.txt
-rw-r--r-- 1 runner runner 30 Apr 11 03:10 Backup/Test-ultra-ultime.txt
-rw-r--r-- 1 runner runner 10 Apr 11 03:10 Backup/big-test.txt
-rw-r--r-- 1 runner runner 16 Apr 11 03:10 Backup/fichier.txt
📊 Fichiers dans Backup: 5

📈 RAPPORT DE SESSION
=====================
🕐 Début: Sun Aug 23 11:53:31 UTC 1970
⏱️ Fin: Sat Apr 11 03:10:20 UTC 2026
📁 Fichiers sources: 5
📁 Fichiers backup: 5
📦 Fichiers archivés: 5
📊 Taux de réussite: 83%
🎯 Statut: SUCCÈS
🔚 FIN SESSION - 20260411_031020

🧹 GESTION DU STOCKAGE
---------------------
📦 Archives avant nettoyage: 16
📝 Logs avant nettoyage: 16
🗑️ Nettoyage des anciennes archives...
  Supprimé: backup_20260327_043712_previous.tar.gz
🗑️ Nettoyage des anciens logs...
  Supprimé: backup_20260327_043712.log
✅ Nettoyage terminé
📦 Archives restantes: 15
📝 Logs restants: 15

💾 COMMIT AUTOMATIQUE
---------------------
