🟢 DEBUT SESSION BACKUP - 20260331_043941
======================================
Déclencheur: schedule
Branche: refs/heads/main
Commit: 6a5ad64c3b0be61361aa64146aafa6bb73aab4a2
Source: Source
Backup: Backup
Archives: Archives
Session: backup_20260331_043941
======================================

📊 AUDIT PRE-BACKUP
-------------------
📁 Contenu de Source:
-rw-r--r-- 1 runner runner 16 Mar 31 04:39 Source/fichier.txt
-rw-r--r-- 1 runner runner 10 Mar 31 04:39 Source/big-test.txt
-rw-r--r-- 1 runner runner 22 Mar 31 04:39 Source/test-ultime.txt
-rw-r--r-- 1 runner runner 5 Mar 31 04:39 Source/test.txt
-rw-r--r-- 1 runner runner 30 Mar 31 04:39 Source/Test-ultra-ultime.txt
✅ Total fichiers sources: 5

📦 ARCHIVAGE BACKUP EXISTANT
----------------------------
✅ Archive créée: backup_20260331_043941_previous.tar.gz
📋 Contenu archivé:
Backup/
Backup/fichier.txt
Backup/big-test.txt
Backup/test-ultime.txt
Backup/test.txt
Backup/Test-ultra-ultime.txt
[...]
📊 Fichiers archivés: 5

🔄 SYNCHRONISATION
------------------
✅ Synchronisation terminée
📁 Contenu de Backup:
-rw-r--r-- 1 runner runner 16 Mar 31 04:39 Backup/fichier.txt
-rw-r--r-- 1 runner runner 10 Mar 31 04:39 Backup/big-test.txt
-rw-r--r-- 1 runner runner 22 Mar 31 04:39 Backup/test-ultime.txt
-rw-r--r-- 1 runner runner 5 Mar 31 04:39 Backup/test.txt
-rw-r--r-- 1 runner runner 30 Mar 31 04:39 Backup/Test-ultra-ultime.txt
📊 Fichiers dans Backup: 5

📈 RAPPORT DE SESSION
=====================
🕐 Début: Sun Aug 23 11:52:11 UTC 1970
⏱️ Fin: Tue Mar 31 04:39:41 UTC 2026
📁 Fichiers sources: 5
📁 Fichiers backup: 5
📦 Fichiers archivés: 5
📊 Taux de réussite: 83%
🎯 Statut: SUCCÈS
🔚 FIN SESSION - 20260331_043941

🧹 GESTION DU STOCKAGE
---------------------
📦 Archives avant nettoyage: 16
📝 Logs avant nettoyage: 16
🗑️ Nettoyage des anciennes archives...
  Supprimé: backup_20260316_044344_previous.tar.gz
🗑️ Nettoyage des anciens logs...
  Supprimé: backup_20260316_044344.log
✅ Nettoyage terminé
📦 Archives restantes: 15
📝 Logs restants: 15

💾 COMMIT AUTOMATIQUE
---------------------
