🟢 DEBUT SESSION BACKUP - 20260513_031716
======================================
Déclencheur: schedule
Branche: refs/heads/main
Commit: ac51b12cb01a05e0e24e0f81e35728643b3a8d62
Source: Source
Backup: Backup
Archives: Archives
Session: backup_20260513_031716
======================================

📊 AUDIT PRE-BACKUP
-------------------
📁 Contenu de Source:
-rw-r--r-- 1 runner runner 5 May 13 03:17 Source/test.txt
-rw-r--r-- 1 runner runner 22 May 13 03:17 Source/test-ultime.txt
-rw-r--r-- 1 runner runner 30 May 13 03:17 Source/Test-ultra-ultime.txt
-rw-r--r-- 1 runner runner 10 May 13 03:17 Source/big-test.txt
-rw-r--r-- 1 runner runner 16 May 13 03:17 Source/fichier.txt
✅ Total fichiers sources: 5

📦 ARCHIVAGE BACKUP EXISTANT
----------------------------
✅ Archive créée: backup_20260513_031716_previous.tar.gz
📋 Contenu archivé:
Backup/
Backup/test.txt
Backup/test-ultime.txt
Backup/Test-ultra-ultime.txt
Backup/big-test.txt
Backup/fichier.txt
[...]
📊 Fichiers archivés: 5

🔄 SYNCHRONISATION
------------------
✅ Synchronisation terminée
📁 Contenu de Backup:
-rw-r--r-- 1 runner runner 5 May 13 03:17 Backup/test.txt
-rw-r--r-- 1 runner runner 22 May 13 03:17 Backup/test-ultime.txt
-rw-r--r-- 1 runner runner 30 May 13 03:17 Backup/Test-ultra-ultime.txt
-rw-r--r-- 1 runner runner 10 May 13 03:17 Backup/big-test.txt
-rw-r--r-- 1 runner runner 16 May 13 03:17 Backup/fichier.txt
📊 Fichiers dans Backup: 5

📈 RAPPORT DE SESSION
=====================
🕐 Début: Sun Aug 23 11:55:13 UTC 1970
⏱️ Fin: Wed May 13 03:17:16 UTC 2026
📁 Fichiers sources: 5
📁 Fichiers backup: 5
📦 Fichiers archivés: 5
📊 Taux de réussite: 83%
🎯 Statut: SUCCÈS
🔚 FIN SESSION - 20260513_031716

🧹 GESTION DU STOCKAGE
---------------------
📦 Archives avant nettoyage: 16
📝 Logs avant nettoyage: 16
🗑️ Nettoyage des anciennes archives...
  Supprimé: backup_20260428_053454_previous.tar.gz
🗑️ Nettoyage des anciens logs...
  Supprimé: backup_20260428_053454.log
✅ Nettoyage terminé
📦 Archives restantes: 15
📝 Logs restants: 15

💾 COMMIT AUTOMATIQUE
---------------------
