🟢 DEBUT SESSION BACKUP - 20260403_043344
======================================
Déclencheur: schedule
Branche: refs/heads/main
Commit: 0f9c5a85cc05655152c8b29e9d9be946e328b508
Source: Source
Backup: Backup
Archives: Archives
Session: backup_20260403_043344
======================================

📊 AUDIT PRE-BACKUP
-------------------
📁 Contenu de Source:
-rw-r--r-- 1 runner runner 16 Apr  3 04:33 Source/fichier.txt
-rw-r--r-- 1 runner runner 10 Apr  3 04:33 Source/big-test.txt
-rw-r--r-- 1 runner runner 22 Apr  3 04:33 Source/test-ultime.txt
-rw-r--r-- 1 runner runner 5 Apr  3 04:33 Source/test.txt
-rw-r--r-- 1 runner runner 30 Apr  3 04:33 Source/Test-ultra-ultime.txt
✅ Total fichiers sources: 5

📦 ARCHIVAGE BACKUP EXISTANT
----------------------------
✅ Archive créée: backup_20260403_043344_previous.tar.gz
📋 Contenu archivé:
Backup/
Backup/fichier.txt
Backup/big-test.txt
Backup/test-ultime.txt
Backup/test.txt
Backup/Test-ultra-ultime.txt
[...]
📊 Fichiers archivés: 5

🔄 SYNCHRONISATION
------------------
✅ Synchronisation terminée
📁 Contenu de Backup:
-rw-r--r-- 1 runner runner 16 Apr  3 04:33 Backup/fichier.txt
-rw-r--r-- 1 runner runner 10 Apr  3 04:33 Backup/big-test.txt
-rw-r--r-- 1 runner runner 22 Apr  3 04:33 Backup/test-ultime.txt
-rw-r--r-- 1 runner runner 5 Apr  3 04:33 Backup/test.txt
-rw-r--r-- 1 runner runner 30 Apr  3 04:33 Backup/Test-ultra-ultime.txt
📊 Fichiers dans Backup: 5

📈 RAPPORT DE SESSION
=====================
🕐 Début: Sun Aug 23 11:53:23 UTC 1970
⏱️ Fin: Fri Apr  3 04:33:44 UTC 2026
📁 Fichiers sources: 5
📁 Fichiers backup: 5
📦 Fichiers archivés: 5
📊 Taux de réussite: 83%
🎯 Statut: SUCCÈS
🔚 FIN SESSION - 20260403_043344

🧹 GESTION DU STOCKAGE
---------------------
📦 Archives avant nettoyage: 16
📝 Logs avant nettoyage: 16
🗑️ Nettoyage des anciennes archives...
  Supprimé: backup_20260319_042655_previous.tar.gz
🗑️ Nettoyage des anciens logs...
  Supprimé: backup_20260319_042655.log
✅ Nettoyage terminé
📦 Archives restantes: 15
📝 Logs restants: 15

💾 COMMIT AUTOMATIQUE
---------------------
