🟢 DEBUT SESSION BACKUP - 20260709_061007
======================================
Déclencheur: schedule
Branche: refs/heads/main
Commit: 397161bc47f72783a28b12971c51d3e873eae89d
Source: Source
Backup: Backup
Archives: Archives
Session: backup_20260709_061007
======================================

📊 AUDIT PRE-BACKUP
-------------------
📁 Contenu de Source:
-rw-r--r-- 1 runner runner 10 Jul  9 06:10 Source/big-test.txt
-rw-r--r-- 1 runner runner 22 Jul  9 06:10 Source/test-ultime.txt
-rw-r--r-- 1 runner runner 30 Jul  9 06:10 Source/Test-ultra-ultime.txt
-rw-r--r-- 1 runner runner 5 Jul  9 06:10 Source/test.txt
-rw-r--r-- 1 runner runner 16 Jul  9 06:10 Source/fichier.txt
✅ Total fichiers sources: 5

📦 ARCHIVAGE BACKUP EXISTANT
----------------------------
✅ Archive créée: backup_20260709_061007_previous.tar.gz
📋 Contenu archivé:
Backup/
Backup/big-test.txt
Backup/test-ultime.txt
Backup/Test-ultra-ultime.txt
Backup/test.txt
Backup/fichier.txt
[...]
📊 Fichiers archivés: 5

🔄 SYNCHRONISATION
------------------
✅ Synchronisation terminée
📁 Contenu de Backup:
-rw-r--r-- 1 runner runner 10 Jul  9 06:10 Backup/big-test.txt
-rw-r--r-- 1 runner runner 22 Jul  9 06:10 Backup/test-ultime.txt
-rw-r--r-- 1 runner runner 30 Jul  9 06:10 Backup/Test-ultra-ultime.txt
-rw-r--r-- 1 runner runner 5 Jul  9 06:10 Backup/test.txt
-rw-r--r-- 1 runner runner 16 Jul  9 06:10 Backup/fichier.txt
📊 Fichiers dans Backup: 5

📈 RAPPORT DE SESSION
=====================
🕐 Début: Sun Aug 23 11:58:29 UTC 1970
⏱️ Fin: Thu Jul  9 06:10:07 UTC 2026
📁 Fichiers sources: 5
📁 Fichiers backup: 5
📦 Fichiers archivés: 5
📊 Taux de réussite: 83%
🎯 Statut: SUCCÈS
🔚 FIN SESSION - 20260709_061007

🧹 GESTION DU STOCKAGE
---------------------
📦 Archives avant nettoyage: 16
📝 Logs avant nettoyage: 16
🗑️ Nettoyage des anciennes archives...
  Supprimé: backup_20260624_031715_previous.tar.gz
🗑️ Nettoyage des anciens logs...
  Supprimé: backup_20260624_031715.log
✅ Nettoyage terminé
📦 Archives restantes: 15
📝 Logs restants: 15

💾 COMMIT AUTOMATIQUE
---------------------
