🟢 DEBUT SESSION BACKUP - 20260323_043255
======================================
Déclencheur: schedule
Branche: refs/heads/main
Commit: e9a37035942d13c358386441c5862f1b8e2b1cbb
Source: Source
Backup: Backup
Archives: Archives
Session: backup_20260323_043255
======================================

📊 AUDIT PRE-BACKUP
-------------------
📁 Contenu de Source:
-rw-r--r-- 1 runner runner 5 Mar 23 04:32 Source/test.txt
-rw-r--r-- 1 runner runner 22 Mar 23 04:32 Source/test-ultime.txt
-rw-r--r-- 1 runner runner 30 Mar 23 04:32 Source/Test-ultra-ultime.txt
-rw-r--r-- 1 runner runner 10 Mar 23 04:32 Source/big-test.txt
-rw-r--r-- 1 runner runner 16 Mar 23 04:32 Source/fichier.txt
✅ Total fichiers sources: 5

📦 ARCHIVAGE BACKUP EXISTANT
----------------------------
✅ Archive créée: backup_20260323_043255_previous.tar.gz
📋 Contenu archivé:
Backup/
Backup/test.txt
Backup/test-ultime.txt
Backup/Test-ultra-ultime.txt
Backup/big-test.txt
Backup/fichier.txt
[...]
📊 Fichiers archivés: 5

🔄 SYNCHRONISATION
------------------
✅ Synchronisation terminée
📁 Contenu de Backup:
-rw-r--r-- 1 runner runner 5 Mar 23 04:32 Backup/test.txt
-rw-r--r-- 1 runner runner 22 Mar 23 04:32 Backup/test-ultime.txt
-rw-r--r-- 1 runner runner 30 Mar 23 04:32 Backup/Test-ultra-ultime.txt
-rw-r--r-- 1 runner runner 10 Mar 23 04:32 Backup/big-test.txt
-rw-r--r-- 1 runner runner 16 Mar 23 04:32 Backup/fichier.txt
📊 Fichiers dans Backup: 5

📈 RAPPORT DE SESSION
=====================
🕐 Début: Sun Aug 23 11:52:03 UTC 1970
⏱️ Fin: Mon Mar 23 04:32:55 UTC 2026
📁 Fichiers sources: 5
📁 Fichiers backup: 5
📦 Fichiers archivés: 5
📊 Taux de réussite: 83%
🎯 Statut: SUCCÈS
🔚 FIN SESSION - 20260323_043255

🧹 GESTION DU STOCKAGE
---------------------
📦 Archives avant nettoyage: 16
📝 Logs avant nettoyage: 16
🗑️ Nettoyage des anciennes archives...
  Supprimé: backup_20260308_041536_previous.tar.gz
🗑️ Nettoyage des anciens logs...
  Supprimé: backup_20260308_041536.log
✅ Nettoyage terminé
📦 Archives restantes: 15
📝 Logs restants: 15

💾 COMMIT AUTOMATIQUE
---------------------
