🟢 DEBUT SESSION BACKUP - 20260314_041421
======================================
Déclencheur: schedule
Branche: refs/heads/main
Commit: 5c6e6727f0891cbed2a26eba2da557c350a04133
Source: Source
Backup: Backup
Archives: Archives
Session: backup_20260314_041421
======================================

📊 AUDIT PRE-BACKUP
-------------------
📁 Contenu de Source:
-rw-r--r-- 1 runner runner 5 Mar 14 04:14 Source/test.txt
-rw-r--r-- 1 runner runner 22 Mar 14 04:14 Source/test-ultime.txt
-rw-r--r-- 1 runner runner 30 Mar 14 04:14 Source/Test-ultra-ultime.txt
-rw-r--r-- 1 runner runner 10 Mar 14 04:14 Source/big-test.txt
-rw-r--r-- 1 runner runner 16 Mar 14 04:14 Source/fichier.txt
✅ Total fichiers sources: 5

📦 ARCHIVAGE BACKUP EXISTANT
----------------------------
✅ Archive créée: backup_20260314_041421_previous.tar.gz
📋 Contenu archivé:
Backup/
Backup/test.txt
Backup/test-ultime.txt
Backup/Test-ultra-ultime.txt
Backup/big-test.txt
Backup/fichier.txt
[...]
📊 Fichiers archivés: 5

🔄 SYNCHRONISATION
------------------
✅ Synchronisation terminée
📁 Contenu de Backup:
-rw-r--r-- 1 runner runner 5 Mar 14 04:14 Backup/test.txt
-rw-r--r-- 1 runner runner 22 Mar 14 04:14 Backup/test-ultime.txt
-rw-r--r-- 1 runner runner 30 Mar 14 04:14 Backup/Test-ultra-ultime.txt
-rw-r--r-- 1 runner runner 10 Mar 14 04:14 Backup/big-test.txt
-rw-r--r-- 1 runner runner 16 Mar 14 04:14 Backup/fichier.txt
📊 Fichiers dans Backup: 5

📈 RAPPORT DE SESSION
=====================
🕐 Début: Sun Aug 23 11:51:54 UTC 1970
⏱️ Fin: Sat Mar 14 04:14:21 UTC 2026
📁 Fichiers sources: 5
📁 Fichiers backup: 5
📦 Fichiers archivés: 5
📊 Taux de réussite: 83%
🎯 Statut: SUCCÈS
🔚 FIN SESSION - 20260314_041421

🧹 GESTION DU STOCKAGE
---------------------
📦 Archives avant nettoyage: 16
📝 Logs avant nettoyage: 16
🗑️ Nettoyage des anciennes archives...
  Supprimé: backup_20260227_041805_previous.tar.gz
🗑️ Nettoyage des anciens logs...
  Supprimé: backup_20260227_041805.log
✅ Nettoyage terminé
📦 Archives restantes: 15
📝 Logs restants: 15

💾 COMMIT AUTOMATIQUE
---------------------
