🟢 DEBUT SESSION BACKUP - 20260329_044057
======================================
Déclencheur: schedule
Branche: refs/heads/main
Commit: 58c8b3459067915caa282f6aa09eb7f8be19aeec
Source: Source
Backup: Backup
Archives: Archives
Session: backup_20260329_044057
======================================

📊 AUDIT PRE-BACKUP
-------------------
📁 Contenu de Source:
-rw-r--r-- 1 runner runner 16 Mar 29 04:40 Source/fichier.txt
-rw-r--r-- 1 runner runner 10 Mar 29 04:40 Source/big-test.txt
-rw-r--r-- 1 runner runner 22 Mar 29 04:40 Source/test-ultime.txt
-rw-r--r-- 1 runner runner 5 Mar 29 04:40 Source/test.txt
-rw-r--r-- 1 runner runner 30 Mar 29 04:40 Source/Test-ultra-ultime.txt
✅ Total fichiers sources: 5

📦 ARCHIVAGE BACKUP EXISTANT
----------------------------
✅ Archive créée: backup_20260329_044057_previous.tar.gz
📋 Contenu archivé:
Backup/
Backup/fichier.txt
Backup/big-test.txt
Backup/test-ultime.txt
Backup/test.txt
Backup/Test-ultra-ultime.txt
[...]
📊 Fichiers archivés: 5

🔄 SYNCHRONISATION
------------------
✅ Synchronisation terminée
📁 Contenu de Backup:
-rw-r--r-- 1 runner runner 16 Mar 29 04:40 Backup/fichier.txt
-rw-r--r-- 1 runner runner 10 Mar 29 04:40 Backup/big-test.txt
-rw-r--r-- 1 runner runner 22 Mar 29 04:40 Backup/test-ultime.txt
-rw-r--r-- 1 runner runner 5 Mar 29 04:40 Backup/test.txt
-rw-r--r-- 1 runner runner 30 Mar 29 04:40 Backup/Test-ultra-ultime.txt
📊 Fichiers dans Backup: 5

📈 RAPPORT DE SESSION
=====================
🕐 Début: Sun Aug 23 11:52:09 UTC 1970
⏱️ Fin: Sun Mar 29 04:40:57 UTC 2026
📁 Fichiers sources: 5
📁 Fichiers backup: 5
📦 Fichiers archivés: 5
📊 Taux de réussite: 83%
🎯 Statut: SUCCÈS
🔚 FIN SESSION - 20260329_044057

🧹 GESTION DU STOCKAGE
---------------------
📦 Archives avant nettoyage: 16
📝 Logs avant nettoyage: 16
🗑️ Nettoyage des anciennes archives...
  Supprimé: backup_20260314_041421_previous.tar.gz
🗑️ Nettoyage des anciens logs...
  Supprimé: backup_20260314_041421.log
✅ Nettoyage terminé
📦 Archives restantes: 15
📝 Logs restants: 15

💾 COMMIT AUTOMATIQUE
---------------------
