🟢 DEBUT SESSION BACKUP - 20260303_041917
======================================
Déclencheur: schedule
Branche: refs/heads/main
Commit: a0dc795aa327c257e24c0fdd68d265360870af7e
Source: Source
Backup: Backup
Archives: Archives
Session: backup_20260303_041917
======================================

📊 AUDIT PRE-BACKUP
-------------------
📁 Contenu de Source:
-rw-r--r-- 1 runner runner 5 Mar  3 04:19 Source/test.txt
-rw-r--r-- 1 runner runner 22 Mar  3 04:19 Source/test-ultime.txt
-rw-r--r-- 1 runner runner 30 Mar  3 04:19 Source/Test-ultra-ultime.txt
-rw-r--r-- 1 runner runner 10 Mar  3 04:19 Source/big-test.txt
-rw-r--r-- 1 runner runner 16 Mar  3 04:19 Source/fichier.txt
✅ Total fichiers sources: 5

📦 ARCHIVAGE BACKUP EXISTANT
----------------------------
✅ Archive créée: backup_20260303_041917_previous.tar.gz
📋 Contenu archivé:
Backup/
Backup/test.txt
Backup/test-ultime.txt
Backup/Test-ultra-ultime.txt
Backup/big-test.txt
Backup/fichier.txt
[...]
📊 Fichiers archivés: 5

🔄 SYNCHRONISATION
------------------
✅ Synchronisation terminée
📁 Contenu de Backup:
-rw-r--r-- 1 runner runner 5 Mar  3 04:19 Backup/test.txt
-rw-r--r-- 1 runner runner 22 Mar  3 04:19 Backup/test-ultime.txt
-rw-r--r-- 1 runner runner 30 Mar  3 04:19 Backup/Test-ultra-ultime.txt
-rw-r--r-- 1 runner runner 10 Mar  3 04:19 Backup/big-test.txt
-rw-r--r-- 1 runner runner 16 Mar  3 04:19 Backup/fichier.txt
📊 Fichiers dans Backup: 5

📈 RAPPORT DE SESSION
=====================
🕐 Début: Sun Aug 23 11:51:43 UTC 1970
⏱️ Fin: Tue Mar  3 04:19:18 UTC 2026
📁 Fichiers sources: 5
📁 Fichiers backup: 5
📦 Fichiers archivés: 5
📊 Taux de réussite: 83%
🎯 Statut: SUCCÈS
🔚 FIN SESSION - 20260303_041918

🧹 GESTION DU STOCKAGE
---------------------
📦 Archives avant nettoyage: 16
📝 Logs avant nettoyage: 16
🗑️ Nettoyage des anciennes archives...
  Supprimé: backup_20260216_042929_previous.tar.gz
🗑️ Nettoyage des anciens logs...
  Supprimé: backup_20260216_042929.log
✅ Nettoyage terminé
📦 Archives restantes: 15
📝 Logs restants: 15

💾 COMMIT AUTOMATIQUE
---------------------
