🟢 DEBUT SESSION BACKUP - 20260607_031855
======================================
Déclencheur: schedule
Branche: refs/heads/main
Commit: 0136c80603b133498deabf664de46c9f8f55c822
Source: Source
Backup: Backup
Archives: Archives
Session: backup_20260607_031855
======================================

📊 AUDIT PRE-BACKUP
-------------------
📁 Contenu de Source:
-rw-r--r-- 1 runner runner 22 Jun  7 03:18 Source/test-ultime.txt
-rw-r--r-- 1 runner runner 5 Jun  7 03:18 Source/test.txt
-rw-r--r-- 1 runner runner 16 Jun  7 03:18 Source/fichier.txt
-rw-r--r-- 1 runner runner 30 Jun  7 03:18 Source/Test-ultra-ultime.txt
-rw-r--r-- 1 runner runner 10 Jun  7 03:18 Source/big-test.txt
✅ Total fichiers sources: 5

📦 ARCHIVAGE BACKUP EXISTANT
----------------------------
✅ Archive créée: backup_20260607_031855_previous.tar.gz
📋 Contenu archivé:
Backup/
Backup/test-ultime.txt
Backup/test.txt
Backup/fichier.txt
Backup/Test-ultra-ultime.txt
Backup/big-test.txt
[...]
📊 Fichiers archivés: 5

🔄 SYNCHRONISATION
------------------
✅ Synchronisation terminée
📁 Contenu de Backup:
-rw-r--r-- 1 runner runner 22 Jun  7 03:18 Backup/test-ultime.txt
-rw-r--r-- 1 runner runner 5 Jun  7 03:18 Backup/test.txt
-rw-r--r-- 1 runner runner 16 Jun  7 03:18 Backup/fichier.txt
-rw-r--r-- 1 runner runner 30 Jun  7 03:18 Backup/Test-ultra-ultime.txt
-rw-r--r-- 1 runner runner 10 Jun  7 03:18 Backup/big-test.txt
📊 Fichiers dans Backup: 5

📈 RAPPORT DE SESSION
=====================
🕐 Début: Sun Aug 23 11:56:47 UTC 1970
⏱️ Fin: Sun Jun  7 03:18:55 UTC 2026
📁 Fichiers sources: 5
📁 Fichiers backup: 5
📦 Fichiers archivés: 5
📊 Taux de réussite: 83%
🎯 Statut: SUCCÈS
🔚 FIN SESSION - 20260607_031855

🧹 GESTION DU STOCKAGE
---------------------
📦 Archives avant nettoyage: 16
📝 Logs avant nettoyage: 16
🗑️ Nettoyage des anciennes archives...
  Supprimé: backup_20260523_031502_previous.tar.gz
🗑️ Nettoyage des anciens logs...
  Supprimé: backup_20260523_031502.log
✅ Nettoyage terminé
📦 Archives restantes: 15
📝 Logs restants: 15

💾 COMMIT AUTOMATIQUE
---------------------
