🟢 DEBUT SESSION BACKUP - 20260408_031211
======================================
Déclencheur: schedule
Branche: refs/heads/main
Commit: 16bb0e15e5967126669bce5e7060905010fe1739
Source: Source
Backup: Backup
Archives: Archives
Session: backup_20260408_031211
======================================

📊 AUDIT PRE-BACKUP
-------------------
📁 Contenu de Source:
-rw-r--r-- 1 runner runner 16 Apr  8 03:12 Source/fichier.txt
-rw-r--r-- 1 runner runner 10 Apr  8 03:12 Source/big-test.txt
-rw-r--r-- 1 runner runner 22 Apr  8 03:12 Source/test-ultime.txt
-rw-r--r-- 1 runner runner 5 Apr  8 03:12 Source/test.txt
-rw-r--r-- 1 runner runner 30 Apr  8 03:12 Source/Test-ultra-ultime.txt
✅ Total fichiers sources: 5

📦 ARCHIVAGE BACKUP EXISTANT
----------------------------
✅ Archive créée: backup_20260408_031211_previous.tar.gz
📋 Contenu archivé:
Backup/
Backup/fichier.txt
Backup/big-test.txt
Backup/test-ultime.txt
Backup/test.txt
Backup/Test-ultra-ultime.txt
[...]
📊 Fichiers archivés: 5

🔄 SYNCHRONISATION
------------------
✅ Synchronisation terminée
📁 Contenu de Backup:
-rw-r--r-- 1 runner runner 16 Apr  8 03:12 Backup/fichier.txt
-rw-r--r-- 1 runner runner 10 Apr  8 03:12 Backup/big-test.txt
-rw-r--r-- 1 runner runner 22 Apr  8 03:12 Backup/test-ultime.txt
-rw-r--r-- 1 runner runner 5 Apr  8 03:12 Backup/test.txt
-rw-r--r-- 1 runner runner 30 Apr  8 03:12 Backup/Test-ultra-ultime.txt
📊 Fichiers dans Backup: 5

📈 RAPPORT DE SESSION
=====================
🕐 Début: Sun Aug 23 11:53:28 UTC 1970
⏱️ Fin: Wed Apr  8 03:12:12 UTC 2026
📁 Fichiers sources: 5
📁 Fichiers backup: 5
📦 Fichiers archivés: 5
📊 Taux de réussite: 83%
🎯 Statut: SUCCÈS
🔚 FIN SESSION - 20260408_031212

🧹 GESTION DU STOCKAGE
---------------------
📦 Archives avant nettoyage: 16
📝 Logs avant nettoyage: 16
🗑️ Nettoyage des anciennes archives...
  Supprimé: backup_20260324_042323_previous.tar.gz
🗑️ Nettoyage des anciens logs...
  Supprimé: backup_20260324_042323.log
✅ Nettoyage terminé
📦 Archives restantes: 15
📝 Logs restants: 15

💾 COMMIT AUTOMATIQUE
---------------------
