🟢 DEBUT SESSION BACKUP - 20260518_031913
======================================
Déclencheur: schedule
Branche: refs/heads/main
Commit: 7cb608cae8408e5a95089f97a19b9c252091f886
Source: Source
Backup: Backup
Archives: Archives
Session: backup_20260518_031913
======================================

📊 AUDIT PRE-BACKUP
-------------------
📁 Contenu de Source:
-rw-r--r-- 1 runner runner 22 May 18 03:19 Source/test-ultime.txt
-rw-r--r-- 1 runner runner 10 May 18 03:19 Source/big-test.txt
-rw-r--r-- 1 runner runner 5 May 18 03:19 Source/test.txt
-rw-r--r-- 1 runner runner 30 May 18 03:19 Source/Test-ultra-ultime.txt
-rw-r--r-- 1 runner runner 16 May 18 03:19 Source/fichier.txt
✅ Total fichiers sources: 5

📦 ARCHIVAGE BACKUP EXISTANT
----------------------------
✅ Archive créée: backup_20260518_031913_previous.tar.gz
📋 Contenu archivé:
Backup/
Backup/test-ultime.txt
Backup/big-test.txt
Backup/test.txt
Backup/Test-ultra-ultime.txt
Backup/fichier.txt
[...]
📊 Fichiers archivés: 5

🔄 SYNCHRONISATION
------------------
✅ Synchronisation terminée
📁 Contenu de Backup:
-rw-r--r-- 1 runner runner 22 May 18 03:19 Backup/test-ultime.txt
-rw-r--r-- 1 runner runner 10 May 18 03:19 Backup/big-test.txt
-rw-r--r-- 1 runner runner 5 May 18 03:19 Backup/test.txt
-rw-r--r-- 1 runner runner 30 May 18 03:19 Backup/Test-ultra-ultime.txt
-rw-r--r-- 1 runner runner 16 May 18 03:19 Backup/fichier.txt
📊 Fichiers dans Backup: 5

📈 RAPPORT DE SESSION
=====================
🕐 Début: Sun Aug 23 11:55:18 UTC 1970
⏱️ Fin: Mon May 18 03:19:13 UTC 2026
📁 Fichiers sources: 5
📁 Fichiers backup: 5
📦 Fichiers archivés: 5
📊 Taux de réussite: 83%
🎯 Statut: SUCCÈS
🔚 FIN SESSION - 20260518_031913

🧹 GESTION DU STOCKAGE
---------------------
📦 Archives avant nettoyage: 16
📝 Logs avant nettoyage: 16
🗑️ Nettoyage des anciennes archives...
  Supprimé: backup_20260503_053433_previous.tar.gz
🗑️ Nettoyage des anciens logs...
  Supprimé: backup_20260503_053433.log
✅ Nettoyage terminé
📦 Archives restantes: 15
📝 Logs restants: 15

💾 COMMIT AUTOMATIQUE
---------------------
