🟢 DEBUT SESSION BACKUP - 20260422_031308
======================================
Déclencheur: schedule
Branche: refs/heads/main
Commit: 2363b5b13ce7cb8ff7619359f0e0f7fdc5a1b5e8
Source: Source
Backup: Backup
Archives: Archives
Session: backup_20260422_031308
======================================

📊 AUDIT PRE-BACKUP
-------------------
📁 Contenu de Source:
-rw-r--r-- 1 runner runner 5 Apr 22 03:13 Source/test.txt
-rw-r--r-- 1 runner runner 10 Apr 22 03:13 Source/big-test.txt
-rw-r--r-- 1 runner runner 16 Apr 22 03:13 Source/fichier.txt
-rw-r--r-- 1 runner runner 22 Apr 22 03:13 Source/test-ultime.txt
-rw-r--r-- 1 runner runner 30 Apr 22 03:13 Source/Test-ultra-ultime.txt
✅ Total fichiers sources: 5

📦 ARCHIVAGE BACKUP EXISTANT
----------------------------
✅ Archive créée: backup_20260422_031308_previous.tar.gz
📋 Contenu archivé:
Backup/
Backup/test.txt
Backup/big-test.txt
Backup/fichier.txt
Backup/test-ultime.txt
Backup/Test-ultra-ultime.txt
[...]
📊 Fichiers archivés: 5

🔄 SYNCHRONISATION
------------------
✅ Synchronisation terminée
📁 Contenu de Backup:
-rw-r--r-- 1 runner runner 5 Apr 22 03:13 Backup/test.txt
-rw-r--r-- 1 runner runner 10 Apr 22 03:13 Backup/big-test.txt
-rw-r--r-- 1 runner runner 16 Apr 22 03:13 Backup/fichier.txt
-rw-r--r-- 1 runner runner 22 Apr 22 03:13 Backup/test-ultime.txt
-rw-r--r-- 1 runner runner 30 Apr 22 03:13 Backup/Test-ultra-ultime.txt
📊 Fichiers dans Backup: 5

📈 RAPPORT DE SESSION
=====================
🕐 Début: Sun Aug 23 11:53:42 UTC 1970
⏱️ Fin: Wed Apr 22 03:13:08 UTC 2026
📁 Fichiers sources: 5
📁 Fichiers backup: 5
📦 Fichiers archivés: 5
📊 Taux de réussite: 83%
🎯 Statut: SUCCÈS
🔚 FIN SESSION - 20260422_031308

🧹 GESTION DU STOCKAGE
---------------------
📦 Archives avant nettoyage: 16
📝 Logs avant nettoyage: 16
🗑️ Nettoyage des anciennes archives...
  Supprimé: backup_20260407_043733_previous.tar.gz
🗑️ Nettoyage des anciens logs...
  Supprimé: backup_20260407_043733.log
✅ Nettoyage terminé
📦 Archives restantes: 15
📝 Logs restants: 15

💾 COMMIT AUTOMATIQUE
---------------------
