🟢 DEBUT SESSION BACKUP - 20260721_030941
======================================
Déclencheur: schedule
Branche: refs/heads/main
Commit: 3071ac6b41df233337a3ee15b1a1834fee7d54d3
Source: Source
Backup: Backup
Archives: Archives
Session: backup_20260721_030941
======================================

📊 AUDIT PRE-BACKUP
-------------------
📁 Contenu de Source:
-rw-r--r-- 1 runner runner 16 Jul 21 03:09 Source/fichier.txt
-rw-r--r-- 1 runner runner 30 Jul 21 03:09 Source/Test-ultra-ultime.txt
-rw-r--r-- 1 runner runner 10 Jul 21 03:09 Source/big-test.txt
-rw-r--r-- 1 runner runner 22 Jul 21 03:09 Source/test-ultime.txt
-rw-r--r-- 1 runner runner 5 Jul 21 03:09 Source/test.txt
✅ Total fichiers sources: 5

📦 ARCHIVAGE BACKUP EXISTANT
----------------------------
✅ Archive créée: backup_20260721_030941_previous.tar.gz
📋 Contenu archivé:
Backup/
Backup/fichier.txt
Backup/Test-ultra-ultime.txt
Backup/big-test.txt
Backup/test-ultime.txt
Backup/test.txt
[...]
📊 Fichiers archivés: 5

🔄 SYNCHRONISATION
------------------
✅ Synchronisation terminée
📁 Contenu de Backup:
-rw-r--r-- 1 runner runner 16 Jul 21 03:09 Backup/fichier.txt
-rw-r--r-- 1 runner runner 30 Jul 21 03:09 Backup/Test-ultra-ultime.txt
-rw-r--r-- 1 runner runner 10 Jul 21 03:09 Backup/big-test.txt
-rw-r--r-- 1 runner runner 22 Jul 21 03:09 Backup/test-ultime.txt
-rw-r--r-- 1 runner runner 5 Jul 21 03:09 Backup/test.txt
📊 Fichiers dans Backup: 5

📈 RAPPORT DE SESSION
=====================
🕐 Début: Sun Aug 23 11:58:41 UTC 1970
⏱️ Fin: Tue Jul 21 03:09:41 UTC 2026
📁 Fichiers sources: 5
📁 Fichiers backup: 5
📦 Fichiers archivés: 5
📊 Taux de réussite: 83%
🎯 Statut: SUCCÈS
🔚 FIN SESSION - 20260721_030941

🧹 GESTION DU STOCKAGE
---------------------
📦 Archives avant nettoyage: 16
📝 Logs avant nettoyage: 16
🗑️ Nettoyage des anciennes archives...
  Supprimé: backup_20260706_064138_previous.tar.gz
🗑️ Nettoyage des anciens logs...
  Supprimé: backup_20260706_064138.log
✅ Nettoyage terminé
📦 Archives restantes: 15
📝 Logs restants: 15

💾 COMMIT AUTOMATIQUE
---------------------
