🟢 DEBUT SESSION BACKUP - 20260718_030751
======================================
Déclencheur: schedule
Branche: refs/heads/main
Commit: c8e4b140bcaaa3669b52ad6ee7a25e6d9b10cc0f
Source: Source
Backup: Backup
Archives: Archives
Session: backup_20260718_030751
======================================

📊 AUDIT PRE-BACKUP
-------------------
📁 Contenu de Source:
-rw-r--r-- 1 runner runner 16 Jul 18 03:07 Source/fichier.txt
-rw-r--r-- 1 runner runner 30 Jul 18 03:07 Source/Test-ultra-ultime.txt
-rw-r--r-- 1 runner runner 10 Jul 18 03:07 Source/big-test.txt
-rw-r--r-- 1 runner runner 22 Jul 18 03:07 Source/test-ultime.txt
-rw-r--r-- 1 runner runner 5 Jul 18 03:07 Source/test.txt
✅ Total fichiers sources: 5

📦 ARCHIVAGE BACKUP EXISTANT
----------------------------
✅ Archive créée: backup_20260718_030751_previous.tar.gz
📋 Contenu archivé:
Backup/
Backup/fichier.txt
Backup/Test-ultra-ultime.txt
Backup/big-test.txt
Backup/test-ultime.txt
Backup/test.txt
[...]
📊 Fichiers archivés: 5

🔄 SYNCHRONISATION
------------------
✅ Synchronisation terminée
📁 Contenu de Backup:
-rw-r--r-- 1 runner runner 16 Jul 18 03:07 Backup/fichier.txt
-rw-r--r-- 1 runner runner 30 Jul 18 03:07 Backup/Test-ultra-ultime.txt
-rw-r--r-- 1 runner runner 10 Jul 18 03:07 Backup/big-test.txt
-rw-r--r-- 1 runner runner 22 Jul 18 03:07 Backup/test-ultime.txt
-rw-r--r-- 1 runner runner 5 Jul 18 03:07 Backup/test.txt
📊 Fichiers dans Backup: 5

📈 RAPPORT DE SESSION
=====================
🕐 Début: Sun Aug 23 11:58:38 UTC 1970
⏱️ Fin: Sat Jul 18 03:07:51 UTC 2026
📁 Fichiers sources: 5
📁 Fichiers backup: 5
📦 Fichiers archivés: 5
📊 Taux de réussite: 83%
🎯 Statut: SUCCÈS
🔚 FIN SESSION - 20260718_030751

🧹 GESTION DU STOCKAGE
---------------------
📦 Archives avant nettoyage: 16
📝 Logs avant nettoyage: 16
🗑️ Nettoyage des anciennes archives...
  Supprimé: backup_20260703_031204_previous.tar.gz
🗑️ Nettoyage des anciens logs...
  Supprimé: backup_20260703_031204.log
✅ Nettoyage terminé
📦 Archives restantes: 15
📝 Logs restants: 15

💾 COMMIT AUTOMATIQUE
---------------------
