🟢 DEBUT SESSION BACKUP - 20260521_031820
======================================
Déclencheur: schedule
Branche: refs/heads/main
Commit: dac9f3dfd6ed415139e78474f4a4991677e86b4d
Source: Source
Backup: Backup
Archives: Archives
Session: backup_20260521_031820
======================================

📊 AUDIT PRE-BACKUP
-------------------
📁 Contenu de Source:
-rw-r--r-- 1 runner runner 22 May 21 03:18 Source/test-ultime.txt
-rw-r--r-- 1 runner runner 10 May 21 03:18 Source/big-test.txt
-rw-r--r-- 1 runner runner 5 May 21 03:18 Source/test.txt
-rw-r--r-- 1 runner runner 30 May 21 03:18 Source/Test-ultra-ultime.txt
-rw-r--r-- 1 runner runner 16 May 21 03:18 Source/fichier.txt
✅ Total fichiers sources: 5

📦 ARCHIVAGE BACKUP EXISTANT
----------------------------
✅ Archive créée: backup_20260521_031820_previous.tar.gz
📋 Contenu archivé:
Backup/
Backup/test-ultime.txt
Backup/big-test.txt
Backup/test.txt
Backup/Test-ultra-ultime.txt
Backup/fichier.txt
[...]
📊 Fichiers archivés: 5

🔄 SYNCHRONISATION
------------------
✅ Synchronisation terminée
📁 Contenu de Backup:
-rw-r--r-- 1 runner runner 22 May 21 03:18 Backup/test-ultime.txt
-rw-r--r-- 1 runner runner 10 May 21 03:18 Backup/big-test.txt
-rw-r--r-- 1 runner runner 5 May 21 03:18 Backup/test.txt
-rw-r--r-- 1 runner runner 30 May 21 03:18 Backup/Test-ultra-ultime.txt
-rw-r--r-- 1 runner runner 16 May 21 03:18 Backup/fichier.txt
📊 Fichiers dans Backup: 5

📈 RAPPORT DE SESSION
=====================
🕐 Début: Sun Aug 23 11:55:21 UTC 1970
⏱️ Fin: Thu May 21 03:18:20 UTC 2026
📁 Fichiers sources: 5
📁 Fichiers backup: 5
📦 Fichiers archivés: 5
📊 Taux de réussite: 83%
🎯 Statut: SUCCÈS
🔚 FIN SESSION - 20260521_031820

🧹 GESTION DU STOCKAGE
---------------------
📦 Archives avant nettoyage: 16
📝 Logs avant nettoyage: 16
🗑️ Nettoyage des anciennes archives...
  Supprimé: backup_20260506_053323_previous.tar.gz
🗑️ Nettoyage des anciens logs...
  Supprimé: backup_20260506_053323.log
✅ Nettoyage terminé
📦 Archives restantes: 15
📝 Logs restants: 15

💾 COMMIT AUTOMATIQUE
---------------------
