🟢 DEBUT SESSION BACKUP - 20260621_031958
======================================
Déclencheur: schedule
Branche: refs/heads/main
Commit: 3d72f2734bd35f6ebbd57640b0fcabf2d2f64512
Source: Source
Backup: Backup
Archives: Archives
Session: backup_20260621_031958
======================================

📊 AUDIT PRE-BACKUP
-------------------
📁 Contenu de Source:
-rw-r--r-- 1 runner runner 10 Jun 21 03:19 Source/big-test.txt
-rw-r--r-- 1 runner runner 22 Jun 21 03:19 Source/test-ultime.txt
-rw-r--r-- 1 runner runner 30 Jun 21 03:19 Source/Test-ultra-ultime.txt
-rw-r--r-- 1 runner runner 5 Jun 21 03:19 Source/test.txt
-rw-r--r-- 1 runner runner 16 Jun 21 03:19 Source/fichier.txt
✅ Total fichiers sources: 5

📦 ARCHIVAGE BACKUP EXISTANT
----------------------------
✅ Archive créée: backup_20260621_031958_previous.tar.gz
📋 Contenu archivé:
Backup/
Backup/big-test.txt
Backup/test-ultime.txt
Backup/Test-ultra-ultime.txt
Backup/test.txt
Backup/fichier.txt
[...]
📊 Fichiers archivés: 5

🔄 SYNCHRONISATION
------------------
✅ Synchronisation terminée
📁 Contenu de Backup:
-rw-r--r-- 1 runner runner 10 Jun 21 03:19 Backup/big-test.txt
-rw-r--r-- 1 runner runner 22 Jun 21 03:19 Backup/test-ultime.txt
-rw-r--r-- 1 runner runner 30 Jun 21 03:19 Backup/Test-ultra-ultime.txt
-rw-r--r-- 1 runner runner 5 Jun 21 03:19 Backup/test.txt
-rw-r--r-- 1 runner runner 16 Jun 21 03:19 Backup/fichier.txt
📊 Fichiers dans Backup: 5

📈 RAPPORT DE SESSION
=====================
🕐 Début: Sun Aug 23 11:57:01 UTC 1970
⏱️ Fin: Sun Jun 21 03:19:58 UTC 2026
📁 Fichiers sources: 5
📁 Fichiers backup: 5
📦 Fichiers archivés: 5
📊 Taux de réussite: 83%
🎯 Statut: SUCCÈS
🔚 FIN SESSION - 20260621_031958

🧹 GESTION DU STOCKAGE
---------------------
📦 Archives avant nettoyage: 16
📝 Logs avant nettoyage: 16
🗑️ Nettoyage des anciennes archives...
  Supprimé: backup_20260606_031546_previous.tar.gz
🗑️ Nettoyage des anciens logs...
  Supprimé: backup_20260606_031546.log
✅ Nettoyage terminé
📦 Archives restantes: 15
📝 Logs restants: 15

💾 COMMIT AUTOMATIQUE
---------------------
