🟢 DEBUT SESSION BACKUP - 20260420_031406
======================================
Déclencheur: schedule
Branche: refs/heads/main
Commit: 1b52477039632fec58b42d0996aa636923f4d060
Source: Source
Backup: Backup
Archives: Archives
Session: backup_20260420_031406
======================================

📊 AUDIT PRE-BACKUP
-------------------
📁 Contenu de Source:
-rw-r--r-- 1 runner runner 5 Apr 20 03:14 Source/test.txt
-rw-r--r-- 1 runner runner 22 Apr 20 03:14 Source/test-ultime.txt
-rw-r--r-- 1 runner runner 30 Apr 20 03:14 Source/Test-ultra-ultime.txt
-rw-r--r-- 1 runner runner 10 Apr 20 03:14 Source/big-test.txt
-rw-r--r-- 1 runner runner 16 Apr 20 03:14 Source/fichier.txt
✅ Total fichiers sources: 5

📦 ARCHIVAGE BACKUP EXISTANT
----------------------------
✅ Archive créée: backup_20260420_031406_previous.tar.gz
📋 Contenu archivé:
Backup/
Backup/test.txt
Backup/test-ultime.txt
Backup/Test-ultra-ultime.txt
Backup/big-test.txt
Backup/fichier.txt
[...]
📊 Fichiers archivés: 5

🔄 SYNCHRONISATION
------------------
✅ Synchronisation terminée
📁 Contenu de Backup:
-rw-r--r-- 1 runner runner 5 Apr 20 03:14 Backup/test.txt
-rw-r--r-- 1 runner runner 22 Apr 20 03:14 Backup/test-ultime.txt
-rw-r--r-- 1 runner runner 30 Apr 20 03:14 Backup/Test-ultra-ultime.txt
-rw-r--r-- 1 runner runner 10 Apr 20 03:14 Backup/big-test.txt
-rw-r--r-- 1 runner runner 16 Apr 20 03:14 Backup/fichier.txt
📊 Fichiers dans Backup: 5

📈 RAPPORT DE SESSION
=====================
🕐 Début: Sun Aug 23 11:53:40 UTC 1970
⏱️ Fin: Mon Apr 20 03:14:06 UTC 2026
📁 Fichiers sources: 5
📁 Fichiers backup: 5
📦 Fichiers archivés: 5
📊 Taux de réussite: 83%
🎯 Statut: SUCCÈS
🔚 FIN SESSION - 20260420_031406

🧹 GESTION DU STOCKAGE
---------------------
📦 Archives avant nettoyage: 16
📝 Logs avant nettoyage: 16
🗑️ Nettoyage des anciennes archives...
  Supprimé: backup_20260405_044040_previous.tar.gz
🗑️ Nettoyage des anciens logs...
  Supprimé: backup_20260405_044040.log
✅ Nettoyage terminé
📦 Archives restantes: 15
📝 Logs restants: 15

💾 COMMIT AUTOMATIQUE
---------------------
